"I:/Unreal Projects/SGP_P07_DigitalTwin/Content/iconfinder_1_Seater_1245497.uasset" 0
"I:/Unreal Projects/SGP_P07_DigitalTwin/Content/iconfinder_N_T_1050Artboard_1_copy_4_7068941.uasset" 1
"I:/Unreal Projects/SGP_P07_DigitalTwin/Content/iconfinder_tv-seat_430122.uasset" 2
"I:/Unreal Projects/SGP_P07_DigitalTwin/Content/Mannequin/Character/Mesh/UE4_Mannequin_Skeleton.uasset" 3
"I:/Unreal Projects/SGP_P07_DigitalTwin/Content/Mannequin/Animations/ThirdPerson_Jump.uasset" 4
"I:/Unreal Projects/SGP_P07_DigitalTwin/Content/Mannequin/Animations/ThirdPersonJump_Loop.uasset" 5
"I:/Unreal Projects/SGP_P07_DigitalTwin/Content/Mannequin/Animations/ThirdPersonJump_Start.uasset" 6
"I:/Unreal Projects/SGP_P07_DigitalTwin/Content/Mannequin/Animations/ThirdPersonIdle.uasset" 7
"I:/Unreal Projects/SGP_P07_DigitalTwin/Content/Mannequin/Animations/ThirdPersonRun.uasset" 8
"I:/Unreal Projects/SGP_P07_DigitalTwin/Content/Mannequin/Animations/ThirdPersonWalk.uasset" 9
"I:/Unreal Projects/SGP_P07_DigitalTwin/Content/Mannequin/Animations/ThirdPerson_IdleRun_2D.uasset" 10
"../../../Engine/Content/EditorBlueprintResources/StandardMacros.uasset" 11
"I:/Unreal Projects/SGP_P07_DigitalTwin/Content/Mannequin/Animations/ThirdPerson_AnimBP.uasset" 12
"I:/Unreal Projects/SGP_P07_DigitalTwin/Content/AI/Behavior/TaskWorkerBlackbord.uasset" 13
"I:/Unreal Projects/SGP_P07_DigitalTwin/Content/BPs/Core/BP_DigitalTwin_Controller.uasset" 14
"I:/Unreal Projects/SGP_P07_DigitalTwin/Content/BPs/Customisation/Enums/SubModeExitType.uasset" 15
"I:/Unreal Projects/SGP_P07_DigitalTwin/Content/BPs/Interfaces/CustomisationInterface.uasset" 16
"I:/Unreal Projects/SGP_P07_DigitalTwin/Content/BPs/Interfaces/ExtendedClickingInterface.uasset" 17
"I:/Unreal Projects/SGP_P07_DigitalTwin/Content/BPs/Interfaces/SelectionInterface.uasset" 18
"I:/Unreal Projects/SGP_P07_DigitalTwin/Content/BPs/Utilitys/ErrorAndWarningSignals.uasset" 19
"I:/Unreal Projects/SGP_P07_DigitalTwin/Content/BPs/Utilitys/SceneNameManager.uasset" 20
"I:/Unreal Projects/SGP_P07_DigitalTwin/Content/BPs/Customisation/Enums/CustomisationTypes.uasset" 21
"I:/Unreal Projects/SGP_P07_DigitalTwin/Content/BPs/InteractableObjects/DecorationObjects/VariationStruct.uasset" 22
"I:/Unreal Projects/SGP_P07_DigitalTwin/Content/BPs/InteractableObjects/DecorationObjects/VariableMeshComponent.uasset" 23
"I:/Unreal Projects/SGP_P07_DigitalTwin/Content/BPs/Core/SettingsStruct.uasset" 24
"I:/Unreal Projects/SGP_P07_DigitalTwin/Content/BPs/Core/BP_DigitalTwin_GameInstance.uasset" 25
"I:/Unreal Projects/SGP_P07_DigitalTwin/Content/BPs/Utilitys/GridSystem.uasset" 26
"../../../Engine/Content/Functions/Engine_MaterialFunctions01/Opacity/CameraDepthFade.uasset" 27
"../../../Engine/Content/EngineMaterials/T_Default_Material_Grid_M.uasset" 28
"../../../Engine/Content/EngineMaterials/T_Default_Material_Grid_N.uasset" 29
"../../../Engine/Content/EngineMaterials/WorldGridMaterial.uasset" 30
"../../../Engine/Content/BasicShapes/Cube.uasset" 31
"I:/Unreal Projects/SGP_P07_DigitalTwin/Content/BPs/InteractableObjects/DecorationObjects/BP_DecorationObjectMaster.uasset" 32
"I:/Unreal Projects/SGP_P07_DigitalTwin/Content/BPs/Simulation/SimulationState.uasset" 33
"I:/Unreal Projects/SGP_P07_DigitalTwin/Content/AI/Tasks/SimulationObjectMaster.uasset" 34
"I:/Unreal Projects/SGP_P07_DigitalTwin/Content/AI/Actor/WorkerRoleEnum.uasset" 35
"I:/Unreal Projects/SGP_P07_DigitalTwin/Content/AI/Actor/SimCharRoleStruct.uasset" 36
"I:/Unreal Projects/SGP_P07_DigitalTwin/Content/AI/Tasks/AIMarker_Master.uasset" 37
"I:/Unreal Projects/SGP_P07_DigitalTwin/Content/AI/Tasks/TaskRestartBehavior.uasset" 38
"I:/Unreal Projects/SGP_P07_DigitalTwin/Content/BPs/Simulation/StatStructs/Sim_Task_Report.uasset" 39
"I:/Unreal Projects/SGP_P07_DigitalTwin/Content/AI/Tasks/TaskMarker_Master.uasset" 40
"../../../Engine/Content/Functions/Engine_MaterialFunctions01/Gradient/LinearGradient.uasset" 41
"../../../Engine/Content/Functions/Engine_MaterialFunctions01/ImageAdjustment/CheapContrast.uasset" 42
"../../../Engine/Content/Functions/Engine_MaterialFunctions02/SafeNormalize.uasset" 43
"../../../Engine/Content/Functions/Engine_MaterialFunctions02/Math/CreateThirdOrthogonalVector.uasset" 44
"../../../Engine/Content/Functions/Engine_MaterialFunctions02/Utility/BreakOutFloat3Components.uasset" 45
"../../../Engine/Content/Functions/Engine_MaterialFunctions02/Math/Transform3x3Matrix.uasset" 46
"../../../Engine/Content/Functions/Engine_MaterialFunctions02/Utility/BreakOutFloat2Components.uasset" 47
"../../../Engine/Content/Functions/Engine_MaterialFunctions02/Utility/MakeFloat3.uasset" 48
"../../../Engine/Content/EngineMaterials/BaseFlattenNormalMap.uasset" 49
"../../../Engine/Content/Functions/Engine_MaterialFunctions02/WorldAlignedNormals_HighQuality.uasset" 50
"../../../Engine/Content/EngineMaterials/DefaultNormal_Uncompressed.uasset" 51
"../../../Engine/Content/Functions/Engine_MaterialFunctions01/Texturing/WorldAlignedNormal.uasset" 52
"../../../Engine/Content/EngineMaterials/DefaultDiffuse.uasset" 53
"../../../Engine/Content/Functions/Engine_MaterialFunctions01/Texturing/WorldAlignedTexture.uasset" 54
"I:/Unreal Projects/SGP_P07_DigitalTwin/Content/Textures/Assets/Wall/Stucco/tmtnaibg_4K_Albedo.uasset" 55
"I:/Unreal Projects/SGP_P07_DigitalTwin/Content/Textures/Assets/Wall/Stucco/tmtnaibg_4K_Normal.uasset" 56
"I:/Unreal Projects/SGP_P07_DigitalTwin/Content/Textures/Assets/Wall/Stucco/tmtnaibg_4K_Roughness.uasset" 57
"I:/Unreal Projects/SGP_P07_DigitalTwin/Content/Materials/BaseMats/BM_TriPlanar_Master_Mat.uasset" 58
"I:/Unreal Projects/SGP_P07_DigitalTwin/Content/Materials/Walls/WallStucco.uasset" 59
"I:/Unreal Projects/SGP_P07_DigitalTwin/Content/Meshes/WallSegments/NormalizedCube.uasset" 60
"I:/Unreal Projects/SGP_P07_DigitalTwin/Content/Meshes/WallSegments/NormalizedCube_SubDiv.uasset" 61
"I:/Unreal Projects/SGP_P07_DigitalTwin/Content/BPs/InteractableObjects/ArchitecturalObjects/ExampleWallSegment.uasset" 62
"I:/Unreal Projects/SGP_P07_DigitalTwin/Content/Materials/Glass/Glass_Master_Mat.uasset" 63
"I:/Unreal Projects/SGP_P07_DigitalTwin/Content/Materials/Glass/Glass_Master_Mat_Inst.uasset" 64
"I:/Unreal Projects/SGP_P07_DigitalTwin/Content/BPs/InteractableObjects/ArchitecturalObjects/WallInsetElement.uasset" 65
"../../../Engine/Content/Functions/Engine_MaterialFunctions02/HueShift.uasset" 66
"I:/Unreal Projects/SGP_P07_DigitalTwin/Content/Materials/BaseMats/Functions/PP_Correction.uasset" 67
"I:/Unreal Projects/SGP_P07_DigitalTwin/Content/Textures/Assets/Metal/Clean/Chrome__INST_metallic.uasset" 68
"I:/Unreal Projects/SGP_P07_DigitalTwin/Content/Textures/Assets/Wall/Stucco/tmtnaibg_4K_AO.uasset" 69
"I:/Unreal Projects/SGP_P07_DigitalTwin/Content/Materials/BaseMats/BM_Master_Mat.uasset" 70
"I:/Unreal Projects/SGP_P07_DigitalTwin/Content/Textures/Assets/Metal/Clean/Chrome__INST_basecolor.uasset" 71
"I:/Unreal Projects/SGP_P07_DigitalTwin/Content/Textures/Assets/Metal/Clean/Chrome__INST_normal.uasset" 72
"I:/Unreal Projects/SGP_P07_DigitalTwin/Content/Textures/Assets/Metal/Clean/Chrome__INST_roughness.uasset" 73
"I:/Unreal Projects/SGP_P07_DigitalTwin/Content/Materials/Metal/TilingMetalClean_Mat.uasset" 74
"I:/Unreal Projects/SGP_P07_DigitalTwin/Content/Textures/Assets/Floor/Tiles/Tiles_01/uhrjcdaew_4K_AO.uasset" 75
"I:/Unreal Projects/SGP_P07_DigitalTwin/Content/Textures/Assets/Wood/Bamboo/Bamboo_Wood_Varnished_INST_basecolor.uasset" 76
"I:/Unreal Projects/SGP_P07_DigitalTwin/Content/Textures/Assets/Wood/Bamboo/Bamboo_Wood_Varnished_INST_normal.uasset" 77
"I:/Unreal Projects/SGP_P07_DigitalTwin/Content/Textures/Assets/Wood/Bamboo/Bamboo_Wood_Varnished_INST_roughness.uasset" 78
"I:/Unreal Projects/SGP_P07_DigitalTwin/Content/Materials/Wood/Wood_Bamboo_Mat.uasset" 79
"I:/Unreal Projects/SGP_P07_DigitalTwin/Content/Materials/Wood/Wood_Bamboo_SmallDull.uasset" 80
"I:/Unreal Projects/SGP_P07_DigitalTwin/Content/Meshes/WallSegments/Door_01.uasset" 81
"I:/Unreal Projects/SGP_P07_DigitalTwin/Content/Materials/Metal/TilingMetalClean_Dull.uasset" 82
"I:/Unreal Projects/SGP_P07_DigitalTwin/Content/Meshes/WallSegments/Door_01_Frame.uasset" 83
"I:/Unreal Projects/SGP_P07_DigitalTwin/Content/BPs/InteractableObjects/ArchitecturalObjects/BP_Door.uasset" 84
"I:/Unreal Projects/SGP_P07_DigitalTwin/Content/BPs/InteractableObjects/ArchitecturalObjects/BP_Window.uasset" 85
"../../../Engine/Content/EngineMaterials/FlatNormal.uasset" 86
"I:/Unreal Projects/SGP_P07_DigitalTwin/Content/EF_Edith/Common/MasterMaterial/DefaultTextures/Black.uasset" 87
"I:/Unreal Projects/SGP_P07_DigitalTwin/Content/EF_Edith/Common/MasterMaterial/DefaultTextures/Test_c.uasset" 88
"I:/Unreal Projects/SGP_P07_DigitalTwin/Content/EF_Edith/Common/MasterMaterial/DefaultTextures/White.uasset" 89
"I:/Unreal Projects/SGP_P07_DigitalTwin/Content/EF_Edith/Common/MasterMaterial/Functions/Master_Props_MatFunc.uasset" 90
"I:/Unreal Projects/SGP_P07_DigitalTwin/Content/EF_Edith/Common/MasterMaterial/DefaultTextures/Grey50.uasset" 91
"I:/Unreal Projects/SGP_P07_DigitalTwin/Content/EF_Edith/Common/MasterMaterial/DefaultTextures/Neutral_N.uasset" 92
"I:/Unreal Projects/SGP_P07_DigitalTwin/Content/EF_Edith/Common/Materials/DetailTextures/DetailNormal_a.uasset" 93
"I:/Unreal Projects/SGP_P07_DigitalTwin/Content/EF_Edith/Common/MasterMaterial/Master_Props_Mat.uasset" 94
"I:/Unreal Projects/SGP_P07_DigitalTwin/Content/EF_Edith/Shared/TheresaRoom/Armchair/Armchair_a_c.uasset" 95
"I:/Unreal Projects/SGP_P07_DigitalTwin/Content/EF_Edith/Shared/TheresaRoom/Armchair/Armchair_a_n.uasset" 96
"I:/Unreal Projects/SGP_P07_DigitalTwin/Content/EF_Edith/Shared/TheresaRoom/Armchair/Armchair_a_r.uasset" 97
"I:/Unreal Projects/SGP_P07_DigitalTwin/Content/EF_Edith/Shared/TheresaRoom/Armchair/Armchair_a_Mat.uasset" 98
"I:/Unreal Projects/SGP_P07_DigitalTwin/Content/EF_Edith/Meshes/Armchair_dense.uasset" 99
"I:/Unreal Projects/SGP_P07_DigitalTwin/Content/BPs/InteractableObjects/DecorationObjects/BP_Deco_Armchair.uasset" 100
"../../../Engine/Content/EngineResources/Black.uasset" 101
"I:/Unreal Projects/SGP_P07_DigitalTwin/Content/EF_Edith/Common/MasterMaterial/Master_WorldMaterial_Mat.uasset" 102
"I:/Unreal Projects/SGP_P07_DigitalTwin/Content/EF_Edith/Common/Materials/Wood/ShelfWood_a_c.uasset" 103
"I:/Unreal Projects/SGP_P07_DigitalTwin/Content/EF_Edith/Common/Materials/Wood/WoodRough_b_n.uasset" 104
"I:/Unreal Projects/SGP_P07_DigitalTwin/Content/EF_Edith/Common/Materials/Wood/WoodRough_b_r.uasset" 105
"I:/Unreal Projects/SGP_P07_DigitalTwin/Content/EF_Edith/Common/Materials/Wood/WM_ShelfWood_a_mat.uasset" 106
"I:/Unreal Projects/SGP_P07_DigitalTwin/Content/EF_Edith/Shared/BarbaraRoom/BarbaraBed/BarbaraBed_a_n.uasset" 107
"I:/Unreal Projects/SGP_P07_DigitalTwin/Content/EF_Edith/Shared/BarbaraRoom/BarbaraBed/BarbaraBed_a_r.uasset" 108
"I:/Unreal Projects/SGP_P07_DigitalTwin/Content/EF_Edith/Textures/EdithRoomBed_a_c.uasset" 109
"I:/Unreal Projects/SGP_P07_DigitalTwin/Content/EF_Edith/Materials/EdithRoomBed_a_Mat.uasset" 110
"I:/Unreal Projects/SGP_P07_DigitalTwin/Content/EF_Edith/Textures/EdithRoomBed_b_c.uasset" 111
"I:/Unreal Projects/SGP_P07_DigitalTwin/Content/EF_Edith/Materials/EdithRoomBed_b_Mat.uasset" 112
"I:/Unreal Projects/SGP_P07_DigitalTwin/Content/EF_Edith/Shared/TheresaRoom/HospitalBed/HospitalBed_c.uasset" 113
"I:/Unreal Projects/SGP_P07_DigitalTwin/Content/EF_Edith/Shared/TheresaRoom/HospitalBed/HospitalBed_m.uasset" 114
"I:/Unreal Projects/SGP_P07_DigitalTwin/Content/EF_Edith/Shared/TheresaRoom/HospitalBed/HospitalBed_n.uasset" 115
"I:/Unreal Projects/SGP_P07_DigitalTwin/Content/EF_Edith/Shared/TheresaRoom/HospitalBed/HospitalBed_r.uasset" 116
"I:/Unreal Projects/SGP_P07_DigitalTwin/Content/EF_Edith/Shared/TheresaRoom/HospitalBed/HospitalBed_Mat.uasset" 117
"I:/Unreal Projects/SGP_P07_DigitalTwin/Content/EF_Edith/Meshes/EdithRoomBed_a.uasset" 118
"I:/Unreal Projects/SGP_P07_DigitalTwin/Content/BPs/InteractableObjects/DecorationObjects/BP_Deco_Bed_01.uasset" 119
"I:/Unreal Projects/SGP_P07_DigitalTwin/Content/EF_Edith/Textures/StudyBookcase_a_c.uasset" 120
"I:/Unreal Projects/SGP_P07_DigitalTwin/Content/EF_Edith/Textures/StudyBookcase_a_m.uasset" 121
"I:/Unreal Projects/SGP_P07_DigitalTwin/Content/EF_Edith/Textures/StudyBookcase_a_n.uasset" 122
"I:/Unreal Projects/SGP_P07_DigitalTwin/Content/EF_Edith/Textures/StudyBookcase_a_r.uasset" 123
"I:/Unreal Projects/SGP_P07_DigitalTwin/Content/EF_Edith/Materials/StudyBookcase_a_Mat.uasset" 124
"I:/Unreal Projects/SGP_P07_DigitalTwin/Content/EF_Edith/Meshes/StudyBookcase_a.uasset" 125
"I:/Unreal Projects/SGP_P07_DigitalTwin/Content/EF_Edith/Meshes/StudyBookcase_b.uasset" 126
"I:/Unreal Projects/SGP_P07_DigitalTwin/Content/BPs/InteractableObjects/DecorationObjects/BP_Deco_Bookshelf_01.uasset" 127
"../../../Engine/Content/Functions/Engine_MaterialFunctions01/Texturing/FlattenNormal.uasset" 128
"I:/Unreal Projects/SGP_P07_DigitalTwin/Content/EF_Edith/Common/MasterMaterial/DefaultTextures/Dirt_NoiseLarge_alpha.uasset" 129
"I:/Unreal Projects/SGP_P07_DigitalTwin/Content/EF_Edith/Common/MasterMaterial/DefaultTextures/Test_dn.uasset" 130
"I:/Unreal Projects/SGP_P07_DigitalTwin/Content/EF_Edith/Shared/kitchen/shelf/DirtyMetal_a_c.uasset" 131
"I:/Unreal Projects/SGP_P07_DigitalTwin/Content/EF_Edith/Common/MasterMaterial/Master_Metal_Mat.uasset" 132
"I:/Unreal Projects/SGP_P07_DigitalTwin/Content/EF_Edith/Shared/TheresaRoom/WritingDesk/WritingDeskKnob_a_c.uasset" 133
"I:/Unreal Projects/SGP_P07_DigitalTwin/Content/EF_Edith/Shared/TheresaRoom/WritingDesk/WritingDeskKnob_a_n.uasset" 134
"I:/Unreal Projects/SGP_P07_DigitalTwin/Content/EF_Edith/Shared/TheresaRoom/WritingDesk/WritingDeskKnob_a_r.uasset" 135
"I:/Unreal Projects/SGP_P07_DigitalTwin/Content/EF_Edith/Shared/TheresaRoom/WritingDesk/WritingDeskKnob_a_Mat.uasset" 136
"I:/Unreal Projects/SGP_P07_DigitalTwin/Content/EF_Edith/Meshes/ClassroomCabinet_b.uasset" 137
"I:/Unreal Projects/SGP_P07_DigitalTwin/Content/BPs/InteractableObjects/DecorationObjects/BP_Deco_Cabinet_01.uasset" 138
"I:/Unreal Projects/SGP_P07_DigitalTwin/Content/Textures/Assets/Fabrics/ShavedCarped/Carpet_Shaved_INST_ambientocclusion.uasset" 139
"I:/Unreal Projects/SGP_P07_DigitalTwin/Content/Textures/Assets/Fabrics/ShavedCarped/Carpet_Shaved_INST_basecolor.uasset" 140
"I:/Unreal Projects/SGP_P07_DigitalTwin/Content/Textures/Assets/Fabrics/ShavedCarped/Carpet_Shaved_INST_normal.uasset" 141
"I:/Unreal Projects/SGP_P07_DigitalTwin/Content/Textures/Assets/Fabrics/ShavedCarped/Carpet_Shaved_INST_roughness.uasset" 142
"I:/Unreal Projects/SGP_P07_DigitalTwin/Content/Materials/Fabrics/ShavedCarped/Shaved_Carped.uasset" 143
"I:/Unreal Projects/SGP_P07_DigitalTwin/Content/Materials/Fabrics/ShavedCarped/Shaved_Carped_Small.uasset" 144
"I:/Unreal Projects/SGP_P07_DigitalTwin/Content/Materials/Wood/Wood_Bamboo_Small.uasset" 145
"I:/Unreal Projects/SGP_P07_DigitalTwin/Content/Meshes/Furniture/Chairs/Chair_01.uasset" 146
"I:/Unreal Projects/SGP_P07_DigitalTwin/Content/BPs/InteractableObjects/DecorationObjects/BP_Deco_Chair_01.uasset" 147
"I:/Unreal Projects/SGP_P07_DigitalTwin/Content/Materials/Fabrics/ShavedCarped/Shaved_Carped_Small_Blue.uasset" 148
"I:/Unreal Projects/SGP_P07_DigitalTwin/Content/Meshes/Furniture/Chairs/Chair_02.uasset" 149
"I:/Unreal Projects/SGP_P07_DigitalTwin/Content/BPs/InteractableObjects/DecorationObjects/BP_Deco_Chair_02.uasset" 150
"I:/Unreal Projects/SGP_P07_DigitalTwin/Content/FreeFurniturePack/Textures/T_Classic_Commode_A.uasset" 151
"I:/Unreal Projects/SGP_P07_DigitalTwin/Content/FreeFurniturePack/Textures/T_Classic_Commode_M_R_AO.uasset" 152
"I:/Unreal Projects/SGP_P07_DigitalTwin/Content/FreeFurniturePack/Textures/T_Classic_Commode_N.uasset" 153
"I:/Unreal Projects/SGP_P07_DigitalTwin/Content/FreeFurniturePack/Materials/M_Classic_Commode.uasset" 154
"I:/Unreal Projects/SGP_P07_DigitalTwin/Content/Meshes/Furniture/Commodes/Classic_Commode_2.uasset" 155
"I:/Unreal Projects/SGP_P07_DigitalTwin/Content/BPs/InteractableObjects/DecorationObjects/BP_Deco_Commode_02.uasset" 156
"I:/Unreal Projects/SGP_P07_DigitalTwin/Content/HouseplantPack/Materials/Pots/Textures/herbPot_Default_BaseColor.uasset" 157
"I:/Unreal Projects/SGP_P07_DigitalTwin/Content/HouseplantPack/Materials/Pots/Textures/herbPot_Default_Normal.uasset" 158
"I:/Unreal Projects/SGP_P07_DigitalTwin/Content/HouseplantPack/Materials/Pots/Textures/herbPot_Default_OcclusionRoughnessMetallic.uasset" 159
"I:/Unreal Projects/SGP_P07_DigitalTwin/Content/HouseplantPack/Materials/Pots/MAT_herbPot.uasset" 160
"I:/Unreal Projects/SGP_P07_DigitalTwin/Content/HouseplantPack/Materials/Plants/Basil/basil_lp_BaseColor.uasset" 161
"I:/Unreal Projects/SGP_P07_DigitalTwin/Content/HouseplantPack/Materials/Plants/Basil/basil_lp_EmissiveMask.uasset" 162
"I:/Unreal Projects/SGP_P07_DigitalTwin/Content/HouseplantPack/Materials/Plants/Basil/basil_lp_Normal.uasset" 163
"I:/Unreal Projects/SGP_P07_DigitalTwin/Content/HouseplantPack/Materials/Plants/Basil/basil_lp_OcclusionRoughnessMetallic.uasset" 164
"I:/Unreal Projects/SGP_P07_DigitalTwin/Content/HouseplantPack/Materials/Plants/Basil/basil_lp_Opacity.uasset" 165
"I:/Unreal Projects/SGP_P07_DigitalTwin/Content/HouseplantPack/Materials/Plants/Basil/MAT_basil.uasset" 166
"I:/Unreal Projects/SGP_P07_DigitalTwin/Content/HouseplantPack/Materials/Plants/Basil/MAT_basil_Inst.uasset" 167
"I:/Unreal Projects/SGP_P07_DigitalTwin/Content/HouseplantPack/Geometry/SM_MERGED_basilPlant.uasset" 168
"../../../Engine/Content/Functions/Engine_MaterialFunctions02/Texturing/HeightLerp.uasset" 169
"I:/Unreal Projects/SGP_P07_DigitalTwin/Content/HouseplantPack/Materials/Plants/Cactus/cactus02_LP_BaseColor.uasset" 170
"I:/Unreal Projects/SGP_P07_DigitalTwin/Content/HouseplantPack/Materials/Plants/Cactus/cactus02_LP_EmissiveMask.uasset" 171
"I:/Unreal Projects/SGP_P07_DigitalTwin/Content/HouseplantPack/Materials/Plants/Cactus/cactus02_LP_Normal.uasset" 172
"I:/Unreal Projects/SGP_P07_DigitalTwin/Content/HouseplantPack/Materials/Plants/Cactus/cactus02_LP_OcclusionRoughnessMetallic.uasset" 173
"I:/Unreal Projects/SGP_P07_DigitalTwin/Content/HouseplantPack/Materials/Plants/Cactus/Roughness/CactusRoughness_basecolor.uasset" 174
"I:/Unreal Projects/SGP_P07_DigitalTwin/Content/HouseplantPack/Materials/Plants/Cactus/Roughness/CactusRoughness_height.uasset" 175
"I:/Unreal Projects/SGP_P07_DigitalTwin/Content/HouseplantPack/Materials/Plants/Cactus/Roughness/CactusRoughness_normal.uasset" 176
"I:/Unreal Projects/SGP_P07_DigitalTwin/Content/HouseplantPack/Materials/Plants/Cactus/Roughness/CactusRoughness_roughness.uasset" 177
"I:/Unreal Projects/SGP_P07_DigitalTwin/Content/HouseplantPack/Materials/Plants/Cactus/MAT_cactus.uasset" 178
"I:/Unreal Projects/SGP_P07_DigitalTwin/Content/HouseplantPack/Materials/Plants/Cactus/MAT_cactus_Inst.uasset" 179
"../../../Engine/Content/EngineMaterials/BlendFunc_DefBase.uasset" 180
"../../../Engine/Content/EngineMaterials/BlendFunc_DefBlend.uasset" 181
"../../../Engine/Content/Functions/Engine_MaterialFunctions03/Blends/Blend_Overlay.uasset" 182
"I:/Unreal Projects/SGP_P07_DigitalTwin/Content/HouseplantPack/Materials/Pots/Textures/painted_mask.uasset" 183
"I:/Unreal Projects/SGP_P07_DigitalTwin/Content/HouseplantPack/Materials/Pots/Textures/plantStand01_LP2_BaseColor.uasset" 184
"I:/Unreal Projects/SGP_P07_DigitalTwin/Content/HouseplantPack/Materials/Pots/Textures/plantStand01_painted_BaseColor.uasset" 185
"I:/Unreal Projects/SGP_P07_DigitalTwin/Content/HouseplantPack/Materials/Pots/Textures/plantStand01_painted_Normal.uasset" 186
"I:/Unreal Projects/SGP_P07_DigitalTwin/Content/HouseplantPack/Materials/Pots/Textures/plantStand01_painted_OcclusionRoughnessMetallic.uasset" 187
"I:/Unreal Projects/SGP_P07_DigitalTwin/Content/HouseplantPack/Materials/Pots/MAT_plantStand1.uasset" 188
"I:/Unreal Projects/SGP_P07_DigitalTwin/Content/HouseplantPack/Materials/Pots/MAT_plantStand1_Inst.uasset" 189
"I:/Unreal Projects/SGP_P07_DigitalTwin/Content/HouseplantPack/Materials/Pots/Textures/VintagePot01_LPv2_BaseColor.uasset" 190
"I:/Unreal Projects/SGP_P07_DigitalTwin/Content/HouseplantPack/Materials/Pots/Textures/VintagePot01_LPv2_MRAO.uasset" 191
"I:/Unreal Projects/SGP_P07_DigitalTwin/Content/HouseplantPack/Materials/Pots/Textures/VintagePot01_LPv2_Normal.uasset" 192
"I:/Unreal Projects/SGP_P07_DigitalTwin/Content/HouseplantPack/Materials/Pots/Textures/VintagePot01LP_BaseColor.uasset" 193
"I:/Unreal Projects/SGP_P07_DigitalTwin/Content/HouseplantPack/Materials/Pots/Textures/VintagePot01LPv2_Mask.uasset" 194
"I:/Unreal Projects/SGP_P07_DigitalTwin/Content/HouseplantPack/Materials/Pots/MAT_vintagePot2.uasset" 195
"I:/Unreal Projects/SGP_P07_DigitalTwin/Content/HouseplantPack/Materials/Pots/MAT_vintagePot2_Inst.uasset" 196
"I:/Unreal Projects/SGP_P07_DigitalTwin/Content/HouseplantPack/Geometry/SM_MERGED_cactus.uasset" 197
"I:/Unreal Projects/SGP_P07_DigitalTwin/Content/HouseplantPack/Materials/Plants/CannaFlower/peaceLilybase_lpBaseV2_BaseColor.uasset" 198
"I:/Unreal Projects/SGP_P07_DigitalTwin/Content/HouseplantPack/Materials/Plants/CannaFlower/peaceLilybase_lpBaseV2_Normal.uasset" 199
"I:/Unreal Projects/SGP_P07_DigitalTwin/Content/HouseplantPack/Materials/Plants/CannaFlower/peaceLilybase_lpBaseV2_OcclusionRoughnessMetallic.uasset" 200
"I:/Unreal Projects/SGP_P07_DigitalTwin/Content/HouseplantPack/Materials/Plants/CannaFlower/MAT_cannaFlowerStem.uasset" 201
"I:/Unreal Projects/SGP_P07_DigitalTwin/Content/HouseplantPack/Materials/Plants/CannaFlower/CannaFlower_LP_BaseColor.uasset" 202
"I:/Unreal Projects/SGP_P07_DigitalTwin/Content/HouseplantPack/Materials/Plants/CannaFlower/CannaFlower_LP_BnW.uasset" 203
"I:/Unreal Projects/SGP_P07_DigitalTwin/Content/HouseplantPack/Materials/Plants/CannaFlower/CannaFlower_LP_EmissiveMask.uasset" 204
"I:/Unreal Projects/SGP_P07_DigitalTwin/Content/HouseplantPack/Materials/Plants/CannaFlower/CannaFlower_LP_Mask.uasset" 205
"I:/Unreal Projects/SGP_P07_DigitalTwin/Content/HouseplantPack/Materials/Plants/CannaFlower/CannaFlower_LP_Normal.uasset" 206
"I:/Unreal Projects/SGP_P07_DigitalTwin/Content/HouseplantPack/Materials/Plants/CannaFlower/CannaFlower_LP_OcclusionRoughnessMetallic.uasset" 207
"I:/Unreal Projects/SGP_P07_DigitalTwin/Content/HouseplantPack/Materials/Plants/CannaFlower/CannaFlower_LP_Opacity.uasset" 208
"I:/Unreal Projects/SGP_P07_DigitalTwin/Content/HouseplantPack/Materials/Plants/CannaFlower/MAT_CannaFlower.uasset" 209
"I:/Unreal Projects/SGP_P07_DigitalTwin/Content/HouseplantPack/Materials/Plants/CannaFlower/MAT_CannaFlower_Inst.uasset" 210
"I:/Unreal Projects/SGP_P07_DigitalTwin/Content/HouseplantPack/Materials/Plants/PeaceLily/peaceLily_LPV2_BaseColor.uasset" 211
"I:/Unreal Projects/SGP_P07_DigitalTwin/Content/HouseplantPack/Materials/Plants/PeaceLily/peaceLily_LPV2_EmissiveMask.uasset" 212
"I:/Unreal Projects/SGP_P07_DigitalTwin/Content/HouseplantPack/Materials/Plants/PeaceLily/peaceLily_LPV2_Normal.uasset" 213
"I:/Unreal Projects/SGP_P07_DigitalTwin/Content/HouseplantPack/Materials/Plants/PeaceLily/peaceLily_LPV2_OcclusionRoughnessMetallic.uasset" 214
"I:/Unreal Projects/SGP_P07_DigitalTwin/Content/HouseplantPack/Materials/Plants/CannaFlower/MAT_cannaLeaf.uasset" 215
"I:/Unreal Projects/SGP_P07_DigitalTwin/Content/HouseplantPack/Materials/Plants/CannaFlower/MAT_cannaLeaf_Inst.uasset" 216
"I:/Unreal Projects/SGP_P07_DigitalTwin/Content/HouseplantPack/Materials/Plants/PeaceLily/MAT_peacelilyLeafV2_Inst.uasset" 217
"I:/Unreal Projects/SGP_P07_DigitalTwin/Content/HouseplantPack/Materials/Pots/Textures/peaceLilybase_lpBaseV2_BaseColor.uasset" 218
"I:/Unreal Projects/SGP_P07_DigitalTwin/Content/HouseplantPack/Materials/Pots/Textures/peaceLilybase_lpBaseV2_Mask.uasset" 219
"I:/Unreal Projects/SGP_P07_DigitalTwin/Content/HouseplantPack/Materials/Pots/Textures/peaceLilybase_lpBaseV2_Normal.uasset" 220
"I:/Unreal Projects/SGP_P07_DigitalTwin/Content/HouseplantPack/Materials/Pots/Textures/peaceLilybase_lpBaseV2_OcclusionRoughnessMetallic.uasset" 221
"I:/Unreal Projects/SGP_P07_DigitalTwin/Content/HouseplantPack/Materials/Pots/MAT_metalPot01.uasset" 222
"I:/Unreal Projects/SGP_P07_DigitalTwin/Content/HouseplantPack/Materials/Pots/MAT_metalPot01_Inst1.uasset" 223
"I:/Unreal Projects/SGP_P07_DigitalTwin/Content/HouseplantPack/Geometry/SM_MERGED_cannaFlower.uasset" 224
"I:/Unreal Projects/SGP_P07_DigitalTwin/Content/HouseplantPack/Materials/Plants/HeartLeaf/heartLeavesBase_LPpot_BaseColor.uasset" 225
"I:/Unreal Projects/SGP_P07_DigitalTwin/Content/HouseplantPack/Materials/Plants/HeartLeaf/heartLeavesBase_LPpot_Normal.uasset" 226
"I:/Unreal Projects/SGP_P07_DigitalTwin/Content/HouseplantPack/Materials/Plants/HeartLeaf/heartLeavesBase_LPpot_OcclusionRoughnessMetallic.uasset" 227
"I:/Unreal Projects/SGP_P07_DigitalTwin/Content/HouseplantPack/Materials/Plants/HeartLeaf/MATheartLeafBase.uasset" 228
"I:/Unreal Projects/SGP_P07_DigitalTwin/Content/HouseplantPack/Materials/Plants/HeartLeaf/heartLeafTest_LP_BaseColor.uasset" 229
"I:/Unreal Projects/SGP_P07_DigitalTwin/Content/HouseplantPack/Materials/Plants/HeartLeaf/heartLeafTest_LP_EmissiveMask.uasset" 230
"I:/Unreal Projects/SGP_P07_DigitalTwin/Content/HouseplantPack/Materials/Plants/HeartLeaf/heartLeafTest_LP_Normal.uasset" 231
"I:/Unreal Projects/SGP_P07_DigitalTwin/Content/HouseplantPack/Materials/Plants/HeartLeaf/heartLeafTest_LP_OcclusionRoughnessMetallic.uasset" 232
"I:/Unreal Projects/SGP_P07_DigitalTwin/Content/HouseplantPack/Materials/Plants/HeartLeaf/heartLeafTest_LP_Opacity.uasset" 233
"I:/Unreal Projects/SGP_P07_DigitalTwin/Content/HouseplantPack/Materials/Plants/HeartLeaf/MAT_HeartLeaf.uasset" 234
"I:/Unreal Projects/SGP_P07_DigitalTwin/Content/HouseplantPack/Materials/Plants/HeartLeaf/MAT_HeartLeaf_Inst.uasset" 235
"I:/Unreal Projects/SGP_P07_DigitalTwin/Content/HouseplantPack/Materials/Pots/Textures/plantStand04_Default_BaseColor.uasset" 236
"I:/Unreal Projects/SGP_P07_DigitalTwin/Content/HouseplantPack/Materials/Pots/Textures/plantStand04_Default_Normal.uasset" 237
"I:/Unreal Projects/SGP_P07_DigitalTwin/Content/HouseplantPack/Materials/Pots/Textures/plantStand04_Default_OcclusionRoughnessMetallic.uasset" 238
"I:/Unreal Projects/SGP_P07_DigitalTwin/Content/HouseplantPack/Materials/Pots/MAT_plantStand04.uasset" 239
"I:/Unreal Projects/SGP_P07_DigitalTwin/Content/HouseplantPack/Materials/Pots/MAT_plantStand04_Inst.uasset" 240
"I:/Unreal Projects/SGP_P07_DigitalTwin/Content/HouseplantPack/Geometry/SM_MERGED_heartLeaf.uasset" 241
"I:/Unreal Projects/SGP_P07_DigitalTwin/Content/HouseplantPack/Materials/Plants/HeartLeaf/spiderBaseV2_LPpotv2_BaseColor.uasset" 242
"I:/Unreal Projects/SGP_P07_DigitalTwin/Content/HouseplantPack/Materials/Plants/HeartLeaf/spiderBaseV2_LPpotv2_Normal.uasset" 243
"I:/Unreal Projects/SGP_P07_DigitalTwin/Content/HouseplantPack/Materials/Plants/HeartLeaf/spiderBaseV2_LPpotv2_OcclusionRoughnessMetallic.uasset" 244
"I:/Unreal Projects/SGP_P07_DigitalTwin/Content/HouseplantPack/Materials/Plants/HeartLeaf/MAT_ceramicPot.uasset" 245
"I:/Unreal Projects/SGP_P07_DigitalTwin/Content/HouseplantPack/Materials/Plants/HeartLeaf/MAT_heartLeafStem.uasset" 246
"I:/Unreal Projects/SGP_P07_DigitalTwin/Content/HouseplantPack/Materials/Pots/MAT_ceramicPot_Inst.uasset" 247
"I:/Unreal Projects/SGP_P07_DigitalTwin/Content/HouseplantPack/Geometry/SM_MERGED_heartLeafLarge.uasset" 248
"I:/Unreal Projects/SGP_P07_DigitalTwin/Content/HouseplantPack/Materials/Plants/PeaceLily/peaceLilybase_lpBase_BaseColor.uasset" 249
"I:/Unreal Projects/SGP_P07_DigitalTwin/Content/HouseplantPack/Materials/Plants/PeaceLily/peaceLilybase_lpBase_Normal.uasset" 250
"I:/Unreal Projects/SGP_P07_DigitalTwin/Content/HouseplantPack/Materials/Plants/PeaceLily/peaceLilybase_lpBase_OcclusionRoughnessMetallic.uasset" 251
"I:/Unreal Projects/SGP_P07_DigitalTwin/Content/HouseplantPack/Materials/Plants/PeaceLily/MAT_peaceLilyStem.uasset" 252
"I:/Unreal Projects/SGP_P07_DigitalTwin/Content/HouseplantPack/Materials/Plants/PeaceLily/lpBaseMask2_mask.uasset" 253
"I:/Unreal Projects/SGP_P07_DigitalTwin/Content/HouseplantPack/Materials/Plants/PeaceLily/lpBaseMask_mask.uasset" 254
"I:/Unreal Projects/SGP_P07_DigitalTwin/Content/HouseplantPack/Materials/Plants/PeaceLily/peaceLilyfLOWER_lpBase_BaseColor.uasset" 255
"I:/Unreal Projects/SGP_P07_DigitalTwin/Content/HouseplantPack/Materials/Plants/PeaceLily/peaceLilyfLOWER_lpBase_EmissiveMask.uasset" 256
"I:/Unreal Projects/SGP_P07_DigitalTwin/Content/HouseplantPack/Materials/Plants/PeaceLily/peaceLilyfLOWER_lpBase_Normal.uasset" 257
"I:/Unreal Projects/SGP_P07_DigitalTwin/Content/HouseplantPack/Materials/Plants/PeaceLily/peaceLilyfLOWER_lpBase_OcclusionRoughnessMetallic.uasset" 258
"I:/Unreal Projects/SGP_P07_DigitalTwin/Content/HouseplantPack/Materials/Plants/PeaceLily/MAT_peaceLilyFlower.uasset" 259
"I:/Unreal Projects/SGP_P07_DigitalTwin/Content/HouseplantPack/Materials/Plants/PeaceLily/MAT_peaceLilyFlower_Inst2.uasset" 260
"I:/Unreal Projects/SGP_P07_DigitalTwin/Content/HouseplantPack/Materials/Plants/PeaceLily/peaceLily_LP_BaseColor.uasset" 261
"I:/Unreal Projects/SGP_P07_DigitalTwin/Content/HouseplantPack/Materials/Plants/PeaceLily/peaceLily_LP_EmissiveMask.uasset" 262
"I:/Unreal Projects/SGP_P07_DigitalTwin/Content/HouseplantPack/Materials/Plants/PeaceLily/peaceLily_LP_Normal.uasset" 263
"I:/Unreal Projects/SGP_P07_DigitalTwin/Content/HouseplantPack/Materials/Plants/PeaceLily/peaceLily_LP_OcclusionRoughnessMetallic.uasset" 264
"I:/Unreal Projects/SGP_P07_DigitalTwin/Content/HouseplantPack/Materials/Plants/PeaceLily/MAT_peaeLily.uasset" 265
"I:/Unreal Projects/SGP_P07_DigitalTwin/Content/HouseplantPack/Materials/Plants/PeaceLily/MAT_peaeLily_Inst.uasset" 266
"I:/Unreal Projects/SGP_P07_DigitalTwin/Content/HouseplantPack/Materials/Pots/MAT_metalPot01_Inst2.uasset" 267
"I:/Unreal Projects/SGP_P07_DigitalTwin/Content/HouseplantPack/Geometry/SM_MERGED_peaceLily.uasset" 268
"../../../Engine/Content/Functions/Engine_MaterialFunctions03/Blends/Blend_SoftLight.uasset" 269
"I:/Unreal Projects/SGP_P07_DigitalTwin/Content/HouseplantPack/Materials/Plants/Philodendron/philodendron_lp_BaseColor.uasset" 270
"I:/Unreal Projects/SGP_P07_DigitalTwin/Content/HouseplantPack/Materials/Plants/Philodendron/philodendron_lp_EmissiveMask.uasset" 271
"I:/Unreal Projects/SGP_P07_DigitalTwin/Content/HouseplantPack/Materials/Plants/Philodendron/philodendron_lp_Normal.uasset" 272
"I:/Unreal Projects/SGP_P07_DigitalTwin/Content/HouseplantPack/Materials/Plants/Philodendron/philodendron_lp_OcclusionRoughnessMetallic.uasset" 273
"I:/Unreal Projects/SGP_P07_DigitalTwin/Content/HouseplantPack/Materials/Plants/Philodendron/philodendron_lp_Opacity.uasset" 274
"I:/Unreal Projects/SGP_P07_DigitalTwin/Content/HouseplantPack/Materials/Plants/Philodendron/Mat_philodendron.uasset" 275
"I:/Unreal Projects/SGP_P07_DigitalTwin/Content/HouseplantPack/Materials/Plants/Philodendron/philodendronBase_freeze_BaseColor.uasset" 276
"I:/Unreal Projects/SGP_P07_DigitalTwin/Content/HouseplantPack/Materials/Plants/Philodendron/philodendronBase_freeze_Normal.uasset" 277
"I:/Unreal Projects/SGP_P07_DigitalTwin/Content/HouseplantPack/Materials/Plants/Philodendron/philodendronBase_freeze_OcclusionRoughnessMetallic.uasset" 278
"I:/Unreal Projects/SGP_P07_DigitalTwin/Content/HouseplantPack/Materials/Plants/Philodendron/philodendronBase_freeze_Opacity.uasset" 279
"I:/Unreal Projects/SGP_P07_DigitalTwin/Content/HouseplantPack/Materials/Pots/Textures/ConcretePot_mask.uasset" 280
"I:/Unreal Projects/SGP_P07_DigitalTwin/Content/HouseplantPack/Materials/Plants/Philodendron/MAT_philodendronBase.uasset" 281
"I:/Unreal Projects/SGP_P07_DigitalTwin/Content/HouseplantPack/Materials/Pots/MAT_ConcretePot_Inst.uasset" 282
"I:/Unreal Projects/SGP_P07_DigitalTwin/Content/HouseplantPack/Materials/Pots/Textures/plantStand03_lp_BaseColor.uasset" 283
"I:/Unreal Projects/SGP_P07_DigitalTwin/Content/HouseplantPack/Materials/Pots/Textures/plantStand03_lp_Normal.uasset" 284
"I:/Unreal Projects/SGP_P07_DigitalTwin/Content/HouseplantPack/Materials/Pots/Textures/plantStand03_lp_OcclusionRoughnessMetallic.uasset" 285
"I:/Unreal Projects/SGP_P07_DigitalTwin/Content/HouseplantPack/Materials/Pots/Textures/plantStand03_lp_paint_BaseColor.uasset" 286
"I:/Unreal Projects/SGP_P07_DigitalTwin/Content/HouseplantPack/Materials/Pots/Textures/plantStand03_lp_paint_Normal.uasset" 287
"I:/Unreal Projects/SGP_P07_DigitalTwin/Content/HouseplantPack/Materials/Pots/Textures/plantStand03_lp_paint_OcclusionRoughnessMetallic.uasset" 288
"I:/Unreal Projects/SGP_P07_DigitalTwin/Content/HouseplantPack/Materials/Pots/MAT_plantStand03.uasset" 289
"I:/Unreal Projects/SGP_P07_DigitalTwin/Content/HouseplantPack/Materials/Pots/MAT_plantstand03_Inst.uasset" 290
"I:/Unreal Projects/SGP_P07_DigitalTwin/Content/HouseplantPack/Geometry/SM_MERGED_philodendron.uasset" 291
"I:/Unreal Projects/SGP_P07_DigitalTwin/Content/HouseplantPack/Materials/Plants/SnakePlant/snakePlant_LP_BaseColor.uasset" 292
"I:/Unreal Projects/SGP_P07_DigitalTwin/Content/HouseplantPack/Materials/Plants/SnakePlant/snakePlant_LP_EmissiveMask.uasset" 293
"I:/Unreal Projects/SGP_P07_DigitalTwin/Content/HouseplantPack/Materials/Plants/SnakePlant/snakePlant_LP_Normal.uasset" 294
"I:/Unreal Projects/SGP_P07_DigitalTwin/Content/HouseplantPack/Materials/Plants/SnakePlant/snakePlant_LP_OcclusionRoughnessMetallic.uasset" 295
"I:/Unreal Projects/SGP_P07_DigitalTwin/Content/HouseplantPack/Materials/Plants/SnakePlant/MAT_sankePlant.uasset" 296
"I:/Unreal Projects/SGP_P07_DigitalTwin/Content/HouseplantPack/Materials/Plants/SnakePlant/MAT_sankePlant_Inst.uasset" 297
"I:/Unreal Projects/SGP_P07_DigitalTwin/Content/HouseplantPack/Materials/Pots/Textures/VintagePot02_LP2_BaseColor.uasset" 298
"I:/Unreal Projects/SGP_P07_DigitalTwin/Content/HouseplantPack/Materials/Pots/Textures/VintagePot02_LP2_Normal.uasset" 299
"I:/Unreal Projects/SGP_P07_DigitalTwin/Content/HouseplantPack/Materials/Pots/Textures/VintagePot02_LP2_OcclusionRoughnessMetallic.uasset" 300
"I:/Unreal Projects/SGP_P07_DigitalTwin/Content/HouseplantPack/Materials/Pots/Textures/VintagePot02_LP2blank_BaseColor.uasset" 301
"I:/Unreal Projects/SGP_P07_DigitalTwin/Content/HouseplantPack/Materials/Pots/Textures/VintagePot02LP2_Mask.uasset" 302
"I:/Unreal Projects/SGP_P07_DigitalTwin/Content/HouseplantPack/Materials/Pots/MAT_VintagePot2a.uasset" 303
"I:/Unreal Projects/SGP_P07_DigitalTwin/Content/HouseplantPack/Materials/Pots/MAT_VintagePot2a_Inst.uasset" 304
"I:/Unreal Projects/SGP_P07_DigitalTwin/Content/HouseplantPack/Geometry/SM_MERGED_snakePlant.uasset" 305
"I:/Unreal Projects/SGP_P07_DigitalTwin/Content/HouseplantPack/Materials/Plants/Aloe/aloe_aloe_BaseColor.uasset" 306
"I:/Unreal Projects/SGP_P07_DigitalTwin/Content/HouseplantPack/Materials/Plants/Aloe/aloe_aloe_EmissiveMask.uasset" 307
"I:/Unreal Projects/SGP_P07_DigitalTwin/Content/HouseplantPack/Materials/Plants/Aloe/aloe_aloe_Normal.uasset" 308
"I:/Unreal Projects/SGP_P07_DigitalTwin/Content/HouseplantPack/Materials/Plants/Aloe/aloe_aloe_OcclusionRoughnessMetallic.uasset" 309
"I:/Unreal Projects/SGP_P07_DigitalTwin/Content/HouseplantPack/Materials/Plants/Aloe/aloe_aloe_Opacity.uasset" 310
"I:/Unreal Projects/SGP_P07_DigitalTwin/Content/HouseplantPack/Materials/Plants/Aloe/MAT_aloe.uasset" 311
"I:/Unreal Projects/SGP_P07_DigitalTwin/Content/HouseplantPack/Materials/MF_Fresnel.uasset" 312
"I:/Unreal Projects/SGP_P07_DigitalTwin/Content/HouseplantPack/Materials/Plants/Succulents/Grayscale.uasset" 313
"I:/Unreal Projects/SGP_P07_DigitalTwin/Content/HouseplantPack/Materials/Plants/Succulents/Grayscale_1.uasset" 314
"I:/Unreal Projects/SGP_P07_DigitalTwin/Content/HouseplantPack/Materials/Plants/Succulents/Grayscale_2.uasset" 315
"I:/Unreal Projects/SGP_P07_DigitalTwin/Content/HouseplantPack/Materials/Plants/Succulents/succulent01_LP_BaseColor.uasset" 316
"I:/Unreal Projects/SGP_P07_DigitalTwin/Content/HouseplantPack/Materials/Plants/Succulents/succulent01_LP_EmissiveMask.uasset" 317
"I:/Unreal Projects/SGP_P07_DigitalTwin/Content/HouseplantPack/Materials/Plants/Succulents/succulent01_LP_Normal.uasset" 318
"I:/Unreal Projects/SGP_P07_DigitalTwin/Content/HouseplantPack/Materials/Plants/Succulents/succulent01_LP_OcclusionRoughnessMetallic.uasset" 319
"I:/Unreal Projects/SGP_P07_DigitalTwin/Content/HouseplantPack/Materials/Plants/Succulents/MAT_succulent.uasset" 320
"I:/Unreal Projects/SGP_P07_DigitalTwin/Content/HouseplantPack/Materials/Plants/Succulents/MAT_succulent_Inst02.uasset" 321
"I:/Unreal Projects/SGP_P07_DigitalTwin/Content/HouseplantPack/Materials/Plants/Succulents/succulent01_LP_v2_BaseColor.uasset" 322
"I:/Unreal Projects/SGP_P07_DigitalTwin/Content/HouseplantPack/Materials/Plants/Succulents/MAT_succulent_Inst04.uasset" 323
"I:/Unreal Projects/SGP_P07_DigitalTwin/Content/HouseplantPack/Materials/Plants/Succulents/MAT_succulent_Inst05.uasset" 324
"I:/Unreal Projects/SGP_P07_DigitalTwin/Content/HouseplantPack/Materials/Pots/Textures/succulentpot02_LP_BaseColor.uasset" 325
"I:/Unreal Projects/SGP_P07_DigitalTwin/Content/HouseplantPack/Materials/Pots/Textures/succulentpot02_LP_Normal.uasset" 326
"I:/Unreal Projects/SGP_P07_DigitalTwin/Content/HouseplantPack/Materials/Pots/Textures/succulentpot02_LP_OcclusionRoughnessMetallic.uasset" 327
"I:/Unreal Projects/SGP_P07_DigitalTwin/Content/HouseplantPack/Materials/Pots/Textures/succulentPot02_LP_paintlayer.uasset" 328
"I:/Unreal Projects/SGP_P07_DigitalTwin/Content/HouseplantPack/Materials/Pots/Textures/succulentpot02LP_mask.uasset" 329
"I:/Unreal Projects/SGP_P07_DigitalTwin/Content/HouseplantPack/Materials/Pots/MAT_succulentPot02.uasset" 330
"I:/Unreal Projects/SGP_P07_DigitalTwin/Content/HouseplantPack/Materials/Pots/MAT_succulentPot02_Inst.uasset" 331
"I:/Unreal Projects/SGP_P07_DigitalTwin/Content/HouseplantPack/Geometry/SM_MERGED_succulents.uasset" 332
"I:/Unreal Projects/SGP_P07_DigitalTwin/Content/BPs/InteractableObjects/DecorationObjects/BP_Deco_Plants.uasset" 333
"I:/Unreal Projects/SGP_P07_DigitalTwin/Content/HQ_ResidentialHouse/Textures/WoodDeck/WoodDeck_d.uasset" 334
"I:/Unreal Projects/SGP_P07_DigitalTwin/Content/HQ_ResidentialHouse/Textures/WoodDeck/WoodDeck_n.uasset" 335
"I:/Unreal Projects/SGP_P07_DigitalTwin/Content/HQ_ResidentialHouse/Textures/WoodDeck/WoodDeck_r_ao_m.uasset" 336
"I:/Unreal Projects/SGP_P07_DigitalTwin/Content/HQ_ResidentialHouse/Materials/MasterMaterials/Mat_Opaque.uasset" 337
"I:/Unreal Projects/SGP_P07_DigitalTwin/Content/HQ_ResidentialHouse/Textures/BathroomSink/BathroomSink_d.uasset" 338
"I:/Unreal Projects/SGP_P07_DigitalTwin/Content/HQ_ResidentialHouse/Textures/BathroomSink/BathroomSink_n.uasset" 339
"I:/Unreal Projects/SGP_P07_DigitalTwin/Content/HQ_ResidentialHouse/Textures/BathroomSink/BathroomSink_r_ao_m.uasset" 340
"I:/Unreal Projects/SGP_P07_DigitalTwin/Content/HQ_ResidentialHouse/Materials/Mat_BathroomSink.uasset" 341
"I:/Unreal Projects/SGP_P07_DigitalTwin/Content/HQ_ResidentialHouse/Meshes/BathroomSink/SM_BathroomSink.uasset" 342
"I:/Unreal Projects/SGP_P07_DigitalTwin/Content/BPs/InteractableObjects/DecorationObjects/BP_Deco_Sink.uasset" 343
"I:/Unreal Projects/SGP_P07_DigitalTwin/Content/EF_Edith/Common/MasterMaterial/DefaultTextures/Dirt_NoiseSmall_alpha.uasset" 344
"I:/Unreal Projects/SGP_P07_DigitalTwin/Content/EF_Edith/Common/MasterMaterial/Master_Glass_Mat.uasset" 345
"I:/Unreal Projects/SGP_P07_DigitalTwin/Content/EF_Edith/Common/Materials/DetailTextures/Detail_Scratches_A.uasset" 346
"I:/Unreal Projects/SGP_P07_DigitalTwin/Content/EF_Edith/Common/Materials/Glass/WM_GlassClean_a.uasset" 347
"I:/Unreal Projects/SGP_P07_DigitalTwin/Content/EF_Edith/Textures/CoffeeMaker_b_c.uasset" 348
"I:/Unreal Projects/SGP_P07_DigitalTwin/Content/EF_Edith/Textures/CoffeeMaker_b_m.uasset" 349
"I:/Unreal Projects/SGP_P07_DigitalTwin/Content/EF_Edith/Textures/CoffeeMaker_b_n.uasset" 350
"I:/Unreal Projects/SGP_P07_DigitalTwin/Content/EF_Edith/Textures/CoffeeMaker_b_r.uasset" 351
"I:/Unreal Projects/SGP_P07_DigitalTwin/Content/EF_Edith/Materials/CoffeeMaker_a_Mat.uasset" 352
"I:/Unreal Projects/SGP_P07_DigitalTwin/Content/EF_Edith/Meshes/CoffeeMaker_b.uasset" 353
"I:/Unreal Projects/SGP_P07_DigitalTwin/Content/BPs/InteractableObjects/DecorationObjects/BP_Deco_Small_CoffeeMachine.uasset" 354
"I:/Unreal Projects/SGP_P07_DigitalTwin/Content/EF_Edith/Textures/Microwave_b_c.uasset" 355
"I:/Unreal Projects/SGP_P07_DigitalTwin/Content/EF_Edith/Textures/Microwave_b_m.uasset" 356
"I:/Unreal Projects/SGP_P07_DigitalTwin/Content/EF_Edith/Textures/Microwave_b_n.uasset" 357
"I:/Unreal Projects/SGP_P07_DigitalTwin/Content/EF_Edith/Textures/Microwave_b_r.uasset" 358
"I:/Unreal Projects/SGP_P07_DigitalTwin/Content/EF_Edith/Materials/Microwave_b_Mat.uasset" 359
"I:/Unreal Projects/SGP_P07_DigitalTwin/Content/EF_Edith/Meshes/Microwave_b.uasset" 360
"I:/Unreal Projects/SGP_P07_DigitalTwin/Content/BPs/InteractableObjects/DecorationObjects/BP_Deco_Small_MicroWave.uasset" 361
"I:/Unreal Projects/SGP_P07_DigitalTwin/Content/EF_Edith/Textures/EdithPhotos_a_c.uasset" 362
"I:/Unreal Projects/SGP_P07_DigitalTwin/Content/EF_Edith/Materials/EdithPhotos_a_Mat.uasset" 363
"I:/Unreal Projects/SGP_P07_DigitalTwin/Content/EF_Edith/Shared/GenericPropsInterior/PictureFrame/PictureFrameWood_a_c.uasset" 364
"I:/Unreal Projects/SGP_P07_DigitalTwin/Content/EF_Edith/Shared/GenericPropsInterior/PictureFrame/PictureFrameWood_a_n.uasset" 365
"I:/Unreal Projects/SGP_P07_DigitalTwin/Content/EF_Edith/Shared/GenericPropsInterior/PictureFrame/PictureFrameWood_a_r.uasset" 366
"I:/Unreal Projects/SGP_P07_DigitalTwin/Content/EF_Edith/Shared/GenericPropsInterior/PictureFrame/PictureFrameWood_a_Mat.uasset" 367
"I:/Unreal Projects/SGP_P07_DigitalTwin/Content/EF_Edith/Meshes/EdithPhoto_a.uasset" 368
"I:/Unreal Projects/SGP_P07_DigitalTwin/Content/EF_Edith/Meshes/EdithPhoto_b.uasset" 369
"I:/Unreal Projects/SGP_P07_DigitalTwin/Content/EF_Edith/Meshes/EdithPhoto_c.uasset" 370
"I:/Unreal Projects/SGP_P07_DigitalTwin/Content/EF_Edith/Meshes/EdithPhoto_d.uasset" 371
"I:/Unreal Projects/SGP_P07_DigitalTwin/Content/BPs/InteractableObjects/DecorationObjects/BP_Deco_Small_Photo_01.uasset" 372
"I:/Unreal Projects/SGP_P07_DigitalTwin/Content/Meshes/Furniture/Tables/Table_01.uasset" 373
"I:/Unreal Projects/SGP_P07_DigitalTwin/Content/BPs/InteractableObjects/DecorationObjects/BP_Deco_Table_01.uasset" 374
"I:/Unreal Projects/SGP_P07_DigitalTwin/Content/Meshes/Furniture/Tables/Table_02_a.uasset" 375
"I:/Unreal Projects/SGP_P07_DigitalTwin/Content/BPs/InteractableObjects/DecorationObjects/BP_Deco_Table_02_a.uasset" 376
"I:/Unreal Projects/SGP_P07_DigitalTwin/Content/Meshes/Furniture/Tables/Table_02_b.uasset" 377
"I:/Unreal Projects/SGP_P07_DigitalTwin/Content/BPs/InteractableObjects/DecorationObjects/BP_Deco_Table_02_b.uasset" 378
"I:/Unreal Projects/SGP_P07_DigitalTwin/Content/Materials/Porc/Porc_01.uasset" 379
"I:/Unreal Projects/SGP_P07_DigitalTwin/Content/Meshes/Furniture/Bath/Toilet.uasset" 380
"I:/Unreal Projects/SGP_P07_DigitalTwin/Content/BPs/InteractableObjects/DecorationObjects/BP_Deco_Toilet.uasset" 381
"I:/Unreal Projects/SGP_P07_DigitalTwin/Content/EF_Edith/Common/Materials/Metal/MetalBasic_a_c.uasset" 382
"I:/Unreal Projects/SGP_P07_DigitalTwin/Content/EF_Edith/Common/Materials/Metal/MetalBasic_a_n.uasset" 383
"I:/Unreal Projects/SGP_P07_DigitalTwin/Content/EF_Edith/Common/Materials/Metal/MetalBasic_a_r.uasset" 384
"I:/Unreal Projects/SGP_P07_DigitalTwin/Content/EF_Edith/Common/Materials/Metal/WM_MetalBasicLight_a_mat.uasset" 385
"I:/Unreal Projects/SGP_P07_DigitalTwin/Content/EF_Edith/Common/Materials/Wood/LaqueredWhiteWood_a_c.uasset" 386
"I:/Unreal Projects/SGP_P07_DigitalTwin/Content/EF_Edith/Common/Materials/Wood/WM_LaqueredWood_c_Mat.uasset" 387
"I:/Unreal Projects/SGP_P07_DigitalTwin/Content/EF_Edith/Meshes/ClassroomCabinet_a.uasset" 388
"I:/Unreal Projects/SGP_P07_DigitalTwin/Content/BPs/InteractableObjects/DecorationObjects/BP_Deco_Wardrobe_01.uasset" 389
"I:/Unreal Projects/SGP_P07_DigitalTwin/Content/BPs/InteractableObjects/DecorationObjects/PB_DecorationTestActor.uasset" 390
"I:/Unreal Projects/SGP_P07_DigitalTwin/Content/Materials/Plastic/Plastic_01.uasset" 391
"I:/Unreal Projects/SGP_P07_DigitalTwin/Content/Materials/Plastic/Plastic_01_Dark.uasset" 392
"I:/Unreal Projects/SGP_P07_DigitalTwin/Content/Textures/Assets/Wood/EuroAsh/European_Ash_INST_basecolor.uasset" 393
"I:/Unreal Projects/SGP_P07_DigitalTwin/Content/Textures/Assets/Wood/EuroAsh/European_Ash_INST_normal.uasset" 394
"I:/Unreal Projects/SGP_P07_DigitalTwin/Content/Textures/Assets/Wood/EuroAsh/European_Ash_INST_roughness.uasset" 395
"I:/Unreal Projects/SGP_P07_DigitalTwin/Content/Materials/Wood/Wood_EuroAsh_Mat.uasset" 396
"I:/Unreal Projects/SGP_P07_DigitalTwin/Content/BPs/InteractableObjects/DecorationObjects/VarTest.uasset" 397
"I:/Unreal Projects/SGP_P07_DigitalTwin/Content/BPs/SaveSystem/ObjectTypes/SaveDecoStruct.uasset" 398
"I:/Unreal Projects/SGP_P07_DigitalTwin/Content/BPs/SaveSystem/ObjectTypes/SaveTaskStruct.uasset" 399
"I:/Unreal Projects/SGP_P07_DigitalTwin/Content/BPs/SaveSystem/ObjectTypes/SaveWallInsetStruct.uasset" 400
"I:/Unreal Projects/SGP_P07_DigitalTwin/Content/BPs/SaveSystem/ObjectTypes/SaveWallStruct.uasset" 401
"I:/Unreal Projects/SGP_P07_DigitalTwin/Content/BPs/SaveSystem/ObjectTypes/SaveWorkerStruct.uasset" 402
"I:/Unreal Projects/SGP_P07_DigitalTwin/Content/BPs/SaveSystem/SaveGameObject.uasset" 403
"I:/Unreal Projects/SGP_P07_DigitalTwin/Content/BPs/Utilitys/InteriorItem_BP.uasset" 404
"I:/Unreal Projects/SGP_P07_DigitalTwin/Content/Materials/PP/PP_ParameterCollection.uasset" 405
"I:/Unreal Projects/SGP_P07_DigitalTwin/Content/Textures/PP/BlueprintMat_INST_basecolor.uasset" 406
"I:/Unreal Projects/SGP_P07_DigitalTwin/Content/Materials/PP/BlueprintPP.uasset" 407
"I:/Unreal Projects/SGP_P07_DigitalTwin/Content/Materials/PP/LineArt_PP.uasset" 408
"I:/Unreal Projects/SGP_P07_DigitalTwin/Content/Materials/PP/Unlit_PP.uasset" 409
"I:/Unreal Projects/SGP_P07_DigitalTwin/Content/Textures/Assets/Floor/Tiles/Tiles_01/uhrjcdaew_4K_Albedo.uasset" 410
"I:/Unreal Projects/SGP_P07_DigitalTwin/Content/Textures/Assets/Floor/Tiles/Tiles_01/uhrjcdaew_4K_Normal.uasset" 411
"I:/Unreal Projects/SGP_P07_DigitalTwin/Content/Textures/Assets/Floor/Tiles/Tiles_01/uhrjcdaew_4K_Roughness.uasset" 412
"I:/Unreal Projects/SGP_P07_DigitalTwin/Content/Materials/Floor/Tiles/Tiles_TriPlanar_mat.uasset" 413
"I:/Unreal Projects/SGP_P07_DigitalTwin/Content/Textures/Assets/Wall/Wallpaper/Paint_Glossy/Glossy_Paint__INST_basecolor.uasset" 414
"I:/Unreal Projects/SGP_P07_DigitalTwin/Content/Textures/Assets/Wall/Wallpaper/Paint_Glossy/Glossy_Paint__INST_normal.uasset" 415
"I:/Unreal Projects/SGP_P07_DigitalTwin/Content/Textures/Assets/Wall/Wallpaper/Paint_Glossy/Glossy_Paint__INST_roughness.uasset" 416
"I:/Unreal Projects/SGP_P07_DigitalTwin/Content/Materials/Walls/Paint_Glossy.uasset" 417
"I:/Unreal Projects/SGP_P07_DigitalTwin/Content/Textures/Assets/Wall/Wallpaper/Paint_Matte/Matte_Paint__INST_basecolor.uasset" 418
"I:/Unreal Projects/SGP_P07_DigitalTwin/Content/Textures/Assets/Wall/Wallpaper/Paint_Matte/Matte_Paint__INST_normal.uasset" 419
"I:/Unreal Projects/SGP_P07_DigitalTwin/Content/Textures/Assets/Wall/Wallpaper/Paint_Matte/Matte_Paint__INST_roughness.uasset" 420
"I:/Unreal Projects/SGP_P07_DigitalTwin/Content/Materials/Walls/Paint_Matte.uasset" 421
"I:/Unreal Projects/SGP_P07_DigitalTwin/Content/BPs/Core/OperationModes.uasset" 422
"I:/Unreal Projects/SGP_P07_DigitalTwin/Content/UMG/DetailPanels/UMG_DetailPanel_AI.uasset" 423
"I:/Unreal Projects/SGP_P07_DigitalTwin/Content/UMG/DetailPanels/UMG_DetailPanel_Task.uasset" 424
"I:/Unreal Projects/SGP_P07_DigitalTwin/Content/UMG/item_WidgetBP.uasset" 425
"../../../Engine/Content/EngineFonts/Faces/DroidSansFallback.uasset" 426
"../../../Engine/Content/EngineFonts/Faces/RobotoBold.uasset" 427
"../../../Engine/Content/EngineFonts/Faces/RobotoBoldItalic.uasset" 428
"../../../Engine/Content/EngineFonts/Faces/RobotoItalic.uasset" 429
"../../../Engine/Content/EngineFonts/Faces/RobotoLight.uasset" 430
"../../../Engine/Content/EngineFonts/Faces/RobotoRegular.uasset" 431
"../../../Engine/Content/EngineFonts/Roboto.uasset" 432
"I:/Unreal Projects/SGP_P07_DigitalTwin/Content/UMG/LoadDialogue.uasset" 433
"I:/Unreal Projects/SGP_P07_DigitalTwin/Content/UMG/NewLevelDialogue.uasset" 434
"I:/Unreal Projects/SGP_P07_DigitalTwin/Content/UMG/SaveDialogue.uasset" 435
"I:/Unreal Projects/SGP_P07_DigitalTwin/Content/UMG/sceneObject_WidgetBP.uasset" 436
"../../../Engine/Content/EngineSky/C_Sky_Cloud_Color.uasset" 437
"../../../Engine/Content/EngineSky/C_Sky_Horizon_Color.uasset" 438
"../../../Engine/Content/EngineSky/C_Sky_Zenith_Color.uasset" 439
"../../../Engine/Content/EngineSky/T_Sky_Blue.uasset" 440
"../../../Engine/Content/EngineSky/T_Sky_Clouds_M.uasset" 441
"../../../Engine/Content/EngineSky/T_Sky_Stars.uasset" 442
"../../../Engine/Content/EngineSky/M_Sky_Panning_Clouds2.uasset" 443
"../../../Engine/Content/EngineSky/SM_SkySphere.uasset" 444
"../../../Engine/Content/EngineSky/BP_Sky_Sphere.uasset" 445
"../../Plugins/Runtime/SunPosition/Content/Editor/M_ArrowColor.uasset" 446
"../../Plugins/Runtime/SunPosition/Content/Editor/MI_ArrowColorGrey.uasset" 447
"../../Plugins/Runtime/SunPosition/Content/Editor/MI_ArrowColorRed.uasset" 448
"../../Plugins/Runtime/SunPosition/Content/Editor/SM_Compass.uasset" 449
"../../Plugins/Runtime/SunPosition/Content/SunSky.uasset" 450
"I:/Unreal Projects/SGP_P07_DigitalTwin/Content/BPs/Simulation/CustomTimeStruct.uasset" 451
"I:/Unreal Projects/SGP_P07_DigitalTwin/Content/BPs/Simulation/TimeOfDaySystem.uasset" 452
"../../../Engine/Content/Functions/Engine_MaterialFunctions01/Density/ExponentialDensity.uasset" 453
"../../../Engine/Content/Functions/Engine_MaterialFunctions01/Gradient/RadialGradientExponential.uasset" 454
"I:/Unreal Projects/SGP_P07_DigitalTwin/Content/Materials/Simulation/SimBrushMat.uasset" 455
"I:/Unreal Projects/SGP_P07_DigitalTwin/Content/Materials/Simulation/SimBrushMat_Blue.uasset" 456
"I:/Unreal Projects/SGP_P07_DigitalTwin/Content/Materials/Simulation/SimBrushMat_Blue_Job.uasset" 457
"I:/Unreal Projects/SGP_P07_DigitalTwin/Content/Materials/Simulation/SimBrushMat_Green.uasset" 458
"I:/Unreal Projects/SGP_P07_DigitalTwin/Content/Materials/Simulation/SimBrushMat_Green_Job.uasset" 459
"I:/Unreal Projects/SGP_P07_DigitalTwin/Content/Materials/Simulation/SimBrushMat_Red.uasset" 460
"I:/Unreal Projects/SGP_P07_DigitalTwin/Content/Materials/Simulation/SimBrushMat_Red_Job.uasset" 461
"I:/Unreal Projects/SGP_P07_DigitalTwin/Content/BPs/Simulation/SimDrawType.uasset" 462
"I:/Unreal Projects/SGP_P07_DigitalTwin/Content/BPs/Simulation/SimDrawStruct.uasset" 463
"I:/Unreal Projects/SGP_P07_DigitalTwin/Content/Textures/SimulationRT/LevelRT_1024.uasset" 464
"I:/Unreal Projects/SGP_P07_DigitalTwin/Content/Textures/SimulationRT/TracesRT.uasset" 465
"I:/Unreal Projects/SGP_P07_DigitalTwin/Content/BPs/Simulation/SimulationRecorder.uasset" 466
"../../../Engine/Content/Functions/Engine_MaterialFunctions02/Utility/MakeFloat4.uasset" 467
"I:/Unreal Projects/SGP_P07_DigitalTwin/Content/Textures/SimulationRT/LevelRT_mat.uasset" 468
"I:/Unreal Projects/SGP_P07_DigitalTwin/Content/Textures/SimulationRT/RT_Sim_Result.uasset" 469
"I:/Unreal Projects/SGP_P07_DigitalTwin/Content/Textures/SimulationRT/Sim_Export.uasset" 470
"I:/Unreal Projects/SGP_P07_DigitalTwin/Content/Textures/SimulationRT/Sim_Export_RT.uasset" 471
"I:/Unreal Projects/SGP_P07_DigitalTwin/Content/Textures/SimulationRT/Sim_Layout_RT.uasset" 472
"I:/Unreal Projects/SGP_P07_DigitalTwin/Content/UMG/Simulation/SimulationRender.uasset" 473
"I:/Unreal Projects/SGP_P07_DigitalTwin/Content/UMG/Simulation/SimulationTab.uasset" 474
"I:/Unreal Projects/SGP_P07_DigitalTwin/Content/UMG/EditorUI.uasset" 475
"I:/Unreal Projects/SGP_P07_DigitalTwin/Content/BPs/InteractableObjects/BP_InteractableMaster.uasset" 476
"I:/Unreal Projects/SGP_P07_DigitalTwin/Content/BPs/InteractableObjects/ArchitecturalObjects/BP_ConstructionObjectMaster.uasset" 477
"I:/Unreal Projects/SGP_P07_DigitalTwin/Content/BPs/InteractableObjects/ArchitecturalObjects/ExampleWallPlanner.uasset" 478
"I:/Unreal Projects/SGP_P07_DigitalTwin/Content/BPs/Core/BP_DigitalTwin_EditorPawn.uasset" 479
"I:/Unreal Projects/SGP_P07_DigitalTwin/Content/BPs/Simulation/StatStructs/Sim_Worker_Report.uasset" 480
"I:/Unreal Projects/SGP_P07_DigitalTwin/Content/UMG/Simulation/TaskReport.uasset" 481
"I:/Unreal Projects/SGP_P07_DigitalTwin/Content/UMG/Simulation/WorkerReport.uasset" 482
"I:/Unreal Projects/SGP_P07_DigitalTwin/Content/UMG/Simulation/SimulationReport.uasset" 483
"I:/Unreal Projects/SGP_P07_DigitalTwin/Content/BPs/Core/BP_DigitalTwin_GameMode.uasset" 484
"../../../Engine/Content/VREditor/LaserPointer/VR_LaserPower_01.uasset" 485
"../../../Engine/Content/VREditor/TransformGizmo/TransformGizmoMaterial.uasset" 486
"../../../Engine/Content/VREditor/TransformGizmo/TranslucentTransformGizmoMaterial.uasset" 487
"../../../Engine/Content/VREditor/TransformGizmo/RotationHandleIndicator.uasset" 488
"I:/Unreal Projects/SGP_P07_DigitalTwin/Content/AI/Behavior/TreeNodes/BTTask_BeginWork.uasset" 489
"../../Plugins/FX/Niagara/Content/DefaultAssets/M_Gnomon.uasset" 490
"../../Plugins/FX/Niagara/Content/DefaultAssets/S_Arrow.uasset" 491
"I:/Unreal Projects/SGP_P07_DigitalTwin/Content/AI/Behavior/TreeNodes/BTTask_TaskPaser.uasset" 492
"I:/Unreal Projects/SGP_P07_DigitalTwin/Content/AI/Behavior/TreeNodes/BTTask_TaskTerminator.uasset" 493
"I:/Unreal Projects/SGP_P07_DigitalTwin/Content/AI/Behavior/TaskWorkerTree.uasset" 494
"I:/Unreal Projects/SGP_P07_DigitalTwin/Content/AI/Actor/SimChar_Controller.uasset" 495
"../../../Engine/Content/Functions/Engine_MaterialFunctions02/Utility/BlendAngleCorrectedNormals.uasset" 496
"../../../Engine/Content/Functions/MaterialLayerFunctions/MatLayerBlend_NormalBlend.uasset" 497
"../../../Engine/Content/Functions/MaterialLayerFunctions/MatLayerBlend_Simple.uasset" 498
"I:/Unreal Projects/SGP_P07_DigitalTwin/Content/Mannequin/Character/Materials/MaterialLayers/T_ML_Rubber_Blue_01_D.uasset" 499
"I:/Unreal Projects/SGP_P07_DigitalTwin/Content/Mannequin/Character/Materials/MaterialLayers/T_ML_Rubber_Blue_01_N.uasset" 500
"I:/Unreal Projects/SGP_P07_DigitalTwin/Content/Mannequin/Character/Materials/MaterialLayers/ML_GlossyBlack_Latex_UE4.uasset" 501
"I:/Unreal Projects/SGP_P07_DigitalTwin/Content/Mannequin/Character/Materials/MaterialLayers/ML_Plastic_Shiny_Beige.uasset" 502
"I:/Unreal Projects/SGP_P07_DigitalTwin/Content/Mannequin/Character/Textures/UE4_LOGO_CARD.uasset" 503
"I:/Unreal Projects/SGP_P07_DigitalTwin/Content/Mannequin/Character/Materials/MaterialLayers/ML_Plastic_Shiny_Beige_LOGO.uasset" 504
"I:/Unreal Projects/SGP_P07_DigitalTwin/Content/Mannequin/Character/Materials/MaterialLayers/T_ML_Aluminum01.uasset" 505
"I:/Unreal Projects/SGP_P07_DigitalTwin/Content/Mannequin/Character/Materials/MaterialLayers/T_ML_Aluminum01_N.uasset" 506
"I:/Unreal Projects/SGP_P07_DigitalTwin/Content/Mannequin/Character/Materials/MaterialLayers/ML_SoftMetal_UE4.uasset" 507
"I:/Unreal Projects/SGP_P07_DigitalTwin/Content/Mannequin/Character/Textures/UE4_Mannequin__normals.uasset" 508
"I:/Unreal Projects/SGP_P07_DigitalTwin/Content/Mannequin/Character/Textures/UE4_Mannequin_MAT_MASKA.uasset" 509
"I:/Unreal Projects/SGP_P07_DigitalTwin/Content/Mannequin/Character/Materials/M_UE4Man_Body.uasset" 510
"I:/Unreal Projects/SGP_P07_DigitalTwin/Content/Mannequin/Character/Textures/UE4Man_Logo_N.uasset" 511
"I:/Unreal Projects/SGP_P07_DigitalTwin/Content/Mannequin/Character/Materials/M_UE4Man_ChestLogo.uasset" 512
"I:/Unreal Projects/SGP_P07_DigitalTwin/Content/Mannequin/Character/Mesh/SK_Mannequin_PhysicsAsset.uasset" 513
"I:/Unreal Projects/SGP_P07_DigitalTwin/Content/Mannequin/Character/Mesh/SK_Mannequin.uasset" 514
"I:/Unreal Projects/SGP_P07_DigitalTwin/Content/AI/Actor/SimChar_Master.uasset" 515
"I:/Unreal Projects/SGP_P07_DigitalTwin/Content/AI/Actor/CharTemplates/SimChar_Employe.uasset" 516
"I:/Unreal Projects/SGP_P07_DigitalTwin/Content/AI/Actor/CharTemplates/SimChar_Resident.uasset" 517
"I:/Unreal Projects/SGP_P07_DigitalTwin/Content/AI/Actor/CharTemplates/SimChar_Visitor.uasset" 518
"I:/Unreal Projects/SGP_P07_DigitalTwin/Content/BPs/Core/PosDebugger.uasset" 519
"../../../Engine/Content/EditorMeshes/ArcadeEditorSphere.uasset" 520
"I:/Unreal Projects/SGP_P07_DigitalTwin/Content/BPs/InteractableObjects/BP_ClickerDummy.uasset" 521
"../../../Engine/Content/BasicShapes/Cube1.uasset" 522
"I:/Unreal Projects/SGP_P07_DigitalTwin/Content/BPs/InteractableObjects/ArchitecturalObjects/BP_StaticWallTemplate.uasset" 523
"I:/Unreal Projects/SGP_P07_DigitalTwin/Content/Materials/mat_DebugMaster.uasset" 524
"I:/Unreal Projects/SGP_P07_DigitalTwin/Content/Materials/mat_Debug_green.uasset" 525
"I:/Unreal Projects/SGP_P07_DigitalTwin/Content/BPs/InteractableObjects/ArchitecturalObjects/ExampleWall.uasset" 526
"I:/Unreal Projects/SGP_P07_DigitalTwin/Content/BPs/InteractableObjects/DecorationObjects/Rotation_Widget.uasset" 527
"I:/Unreal Projects/SGP_P07_DigitalTwin/Content/BPs/InteractableObjects/Gizmo/BP_GizmoMaster.uasset" 528
"I:/Unreal Projects/SGP_P07_DigitalTwin/Content/BPs/InteractableObjects/Gizmo/BP_TranslationGizmo.uasset" 529
"I:/Unreal Projects/SGP_P07_DigitalTwin/Content/EF_Edith/Common/MasterMaterial/DefaultTextures/dot_alpha.uasset" 530
"I:/Unreal Projects/SGP_P07_DigitalTwin/Content/EF_Edith/Common/MasterMaterial/DefaultTextures/Test_alpha.uasset" 531
"I:/Unreal Projects/SGP_P07_DigitalTwin/Content/EF_Edith/Common/MasterMaterial/Master_Props_Masked_Mat.uasset" 532
"I:/Unreal Projects/SGP_P07_DigitalTwin/Content/EF_Edith/Shared/TheresaRoom/Lamp/lamps_a.uasset" 533
"I:/Unreal Projects/SGP_P07_DigitalTwin/Content/EF_Edith/Shared/TheresaRoom/Lamp/lamps_c.uasset" 534
"I:/Unreal Projects/SGP_P07_DigitalTwin/Content/EF_Edith/Shared/TheresaRoom/Lamp/lamps_n.uasset" 535
"I:/Unreal Projects/SGP_P07_DigitalTwin/Content/EF_Edith/Shared/TheresaRoom/Lamp/lamps_r.uasset" 536
"I:/Unreal Projects/SGP_P07_DigitalTwin/Content/EF_Edith/Shared/TheresaRoom/Lamp/Lamp_Mat.uasset" 537
"I:/Unreal Projects/SGP_P07_DigitalTwin/Content/EF_Edith/Shared/TheresaRoom/DeskLamp/DeskLamp_a.uasset" 538
"I:/Unreal Projects/SGP_P07_DigitalTwin/Content/Mannequin/Animations/ThirdPersonJump_End.uasset" 539
"I:/Unreal Projects/SGP_P07_DigitalTwin/Content/Materials/mat_Debug_blue.uasset" 540
"I:/Unreal Projects/SGP_P07_DigitalTwin/Content/Materials/mat_Debug_red.uasset" 541
"I:/Unreal Projects/SGP_P07_DigitalTwin/Content/Materials/Floor/Tiles/Tiles_01_Mat.uasset" 542
"I:/Unreal Projects/SGP_P07_DigitalTwin/Content/Textures/Assets/Metal/Steel/Steel_Glossy_INST_basecolor.uasset" 543
"I:/Unreal Projects/SGP_P07_DigitalTwin/Content/Textures/Assets/Metal/Steel/Steel_Glossy_INST_normal.uasset" 544
"I:/Unreal Projects/SGP_P07_DigitalTwin/Content/Textures/Assets/Metal/Steel/Steel_Glossy_INST_roughness.uasset" 545
"I:/Unreal Projects/SGP_P07_DigitalTwin/Content/Materials/Metal/TilingMetalGlossy_Mat.uasset" 546
"I:/Unreal Projects/SGP_P07_DigitalTwin/Content/Materials/Simulation/Blank_RT_mat.uasset" 547
"I:/Unreal Projects/SGP_P07_DigitalTwin/Content/Textures/Assets/Stone/Marble_01/Anemone_Marble_Grey_INST_ambient_occlusion.uasset" 548
"I:/Unreal Projects/SGP_P07_DigitalTwin/Content/Textures/Assets/Stone/Marble_01/Anemone_Marble_Grey_INST_basecolor.uasset" 549
"I:/Unreal Projects/SGP_P07_DigitalTwin/Content/Textures/Assets/Stone/Marble_01/Anemone_Marble_Grey_INST_normal.uasset" 550
"I:/Unreal Projects/SGP_P07_DigitalTwin/Content/Textures/Assets/Stone/Marble_01/Anemone_Marble_Grey_INST_roughness.uasset" 551
"I:/Unreal Projects/SGP_P07_DigitalTwin/Content/Materials/Stone/Stone_Marble_01_Mat.uasset" 552
"I:/Unreal Projects/SGP_P07_DigitalTwin/Content/Materials/Walls/SimpleWallMat.uasset" 553
"I:/Unreal Projects/SGP_P07_DigitalTwin/Content/Textures/Assets/Wood/AmerWalnut/American_Walnut_Crown_Cut_INST_basecolor.uasset" 554
"I:/Unreal Projects/SGP_P07_DigitalTwin/Content/Textures/Assets/Wood/AmerWalnut/American_Walnut_Crown_Cut_INST_normal.uasset" 555
"I:/Unreal Projects/SGP_P07_DigitalTwin/Content/Textures/Assets/Wood/AmerWalnut/American_Walnut_Crown_Cut_INST_roughness.uasset" 556
"I:/Unreal Projects/SGP_P07_DigitalTwin/Content/Materials/Wood/Wood_AmericanWalnut_Mat.uasset" 557
"I:/Unreal Projects/SGP_P07_DigitalTwin/Content/Textures/Icons/iconfinder_1_Seater_1245497.uasset" 558
"I:/Unreal Projects/SGP_P07_DigitalTwin/Content/Textures/Icons/iconfinder_N_T_1050Artboard_1_copy_4_7068941.uasset" 559
"I:/Unreal Projects/SGP_P07_DigitalTwin/Content/Textures/Icons/iconfinder_tv-seat_430122.uasset" 560
"I:/Unreal Projects/SGP_P07_DigitalTwin/Content/UMG/DebugUMG.uasset" 561
"../../../Engine/Content/Animation/DefaultAnimBoneCompressionSettings.uasset" 562
"../../../Engine/Content/Animation/DefaultAnimCurveCompressionSettings.uasset" 563
"../../../Engine/Content/ArtTools/RenderToTexture/Meshes/S_1_Unit_Plane.uasset" 564
"../../../Engine/Content/EngineMaterials/DefaultMaterial.uasset" 565
"../../../Engine/Content/BasicShapes/Cone.uasset" 566
"../../../Engine/Content/BasicShapes/Cylinder.uasset" 567
"../../../Engine/Content/BasicShapes/Plane.uasset" 568
"../../../Engine/Content/BasicShapes/Sphere.uasset" 569
"../../../Engine/Content/EditorLandscapeResources/DataLayer.uasset" 570
"../../../Engine/Content/EditorLandscapeResources/DefaultAlphaTexture.uasset" 571
"../../../Engine/Content/EditorMaterials/MAT_Groups_Toggle.uasset" 572
"../../../Engine/Content/EditorMaterials/MAT_Groups_Visibility.uasset" 573
"../../../Engine/Content/EditorMaterials/PreviewShadowIndicator.uasset" 574
"../../../Engine/Content/EditorMaterials/PreviewShadowIndicatorMaterial.uasset" 575
"../../../Engine/Content/EditorMaterials/AssetViewer/T_ClearSky.uasset" 576
"../../../Engine/Content/EditorMaterials/MatineeGroups/MAT_ColorTrack.uasset" 577
"../../../Engine/Content/EditorMaterials/MatineeGroups/MAT_Groups_Anim.uasset" 578
"../../../Engine/Content/EditorMaterials/MatineeGroups/MAT_Groups_AudioMaster.uasset" 579
"../../../Engine/Content/EditorMaterials/MatineeGroups/MAT_Groups_Director.uasset" 580
"../../../Engine/Content/EditorMaterials/MatineeGroups/MAT_Groups_Event.uasset" 581
"../../../Engine/Content/EditorMaterials/MatineeGroups/MAT_Groups_Fade.uasset" 582
"../../../Engine/Content/EditorMaterials/MatineeGroups/MAT_Groups_Float.uasset" 583
"../../../Engine/Content/EditorMaterials/MatineeGroups/MAT_Groups_Move.uasset" 584
"../../../Engine/Content/EditorMaterials/MatineeGroups/MAT_Groups_Slomo.uasset" 585
"../../../Engine/Content/EditorMaterials/MatineeGroups/MAT_Groups_Sound.uasset" 586
"../../../Engine/Content/EditorMaterials/MatineeGroups/MAT_Groups_Vector.uasset" 587
"../../../Engine/Content/EditorMaterials/ParticleSystems/PSysThumbnail_NoImage.uasset" 588
"../../../Engine/Content/EditorMaterials/ParticleSystems/PSysThumbnail_OOD.uasset" 589
"../../../Engine/Content/EditorMaterials/Camera/CineMat.uasset" 590
"../../../Engine/Content/EditorMaterials/Camera/MI_CineMat_Rig.uasset" 591
"../../../Engine/Content/EditorMeshes/Camera/SM_CraneRig_Arm.uasset" 592
"../../../Engine/Content/EditorMeshes/Camera/SM_CraneRig_Base.uasset" 593
"../../../Engine/Content/EditorMeshes/Camera/SM_CraneRig_Body.uasset" 594
"../../../Engine/Content/EditorMeshes/Camera/SM_CraneRig_Mount.uasset" 595
"../../../Engine/Content/EditorMeshes/Camera/SM_RailRig_Mount.uasset" 596
"../../../Engine/Content/EditorMeshes/Camera/SM_RailRig_Track.uasset" 597
"../../../Engine/Content/EditorResources/BSPVertex.uasset" 598
"../../../Engine/Content/EditorResources/EmptyActor.uasset" 599
"../../../Engine/Content/EditorResources/S_Actor.uasset" 600
"../../../Engine/Content/EditorResources/S_Note.uasset" 601
"../../../Engine/Content/EditorResources/S_Solver.uasset" 602
"../../../Engine/Content/EditorResources/S_Terrain.uasset" 603
"../../../Engine/Content/EditorResources/S_Trigger.uasset" 604
"../../../Engine/Content/EditorResources/SequenceRecorder/Countdown.uasset" 605
"../../../Engine/Content/EditorResources/SequenceRecorder/RecordingIndicator.uasset" 606
"../../../Engine/Content/EditorSounds/Notifications/CompileFailed.uasset" 607
"../../../Engine/Content/EditorSounds/Notifications/CompileFailed_Cue.uasset" 608
"../../../Engine/Content/EditorSounds/Notifications/CompileSuccess.uasset" 609
"../../../Engine/Content/EditorSounds/Notifications/CompileStart_Cue.uasset" 610
"../../../Engine/Content/EditorSounds/Notifications/CompileSuccess_Cue.uasset" 611
"../../../Engine/Content/EngineDamageTypes/DmgTypeBP_Environmental.uasset" 612
"../../../Engine/Content/EngineDebugMaterials/DebugEditorMaterial.uasset" 613
"../../../Engine/Content/EngineDebugMaterials/DebugMeshMaterial.uasset" 614
"../../../Engine/Content/EngineDebugMaterials/M_SimpleUnlitTranslucent.uasset" 615
"../../../Engine/Content/Functions/Engine_MaterialFunctions02/Utility/CameraDirectionVector.uasset" 616
"../../../Engine/Content/EngineDebugMaterials/VolumeToRender.uasset" 617
"../../../Engine/Content/EngineDebugMaterials/M_VolumeRenderSphereTracePP.uasset" 618
"../../../Engine/Content/EngineDebugMaterials/WireframeMaterial.uasset" 619
"../../../Engine/Content/EngineMaterials/BaseFlattenDiffuseMap.uasset" 620
"../../../Engine/Content/EngineMaterials/BaseFlattenEmissiveMap.uasset" 621
"../../../Engine/Content/EngineMaterials/BaseFlattenGrayscaleMap.uasset" 622
"../../../Engine/Content/EngineMaterials/BaseFlattenMaterial.uasset" 623
"../../../Engine/Content/EngineMaterials/BlueNoise.uasset" 624
"../../../Engine/Content/EngineMaterials/DefaultBloomKernel.uasset" 625
"../../../Engine/Content/EngineMaterials/DefaultBokeh.uasset" 626
"../../../Engine/Content/EngineMaterials/DefaultDeferredDecalMaterial.uasset" 627
"../../../Engine/Content/EngineMaterials/DefaultLightFunctionMaterial.uasset" 628
"../../../Engine/Content/EngineMaterials/DefaultPhysicalMaterial.uasset" 629
"../../../Engine/Content/EngineMaterials/DefaultPostProcessMaterial.uasset" 630
"../../../Engine/Content/EngineFonts/RobotoDistanceField.uasset" 631
"../../../Engine/Content/EngineMaterials/DefaultTextMaterialOpaque.uasset" 632
"../../../Engine/Content/EngineMaterials/DefaultWhiteGrid.uasset" 633
"../../../Engine/Content/EngineMaterials/DefaultWhiteGrid_Low.uasset" 634
"../../../Engine/Content/EngineMaterials/EmissiveMeshMaterial.uasset" 635
"../../../Engine/Content/EngineMaterials/GizmoMaterial.uasset" 636
"../../../Engine/Content/EngineMaterials/Good64x64TilingNoiseHighFreq.uasset" 637
"../../../Engine/Content/EngineMaterials/MiniFont.uasset" 638
"../../../Engine/Content/EngineMaterials/InvalidLightmapSettings.uasset" 639
"../../../Engine/Content/EngineMaterials/M_InvalidLightmapSettings.uasset" 640
"../../../Engine/Content/Functions/Engine_MaterialFunctions02/WorldPositionOffset/CameraOffset.uasset" 641
"../../../Engine/Content/EngineMaterials/PhAT_JointLimitMaterial.uasset" 642
"../../../Engine/Content/EngineMaterials/PreintegratedSkinBRDF.uasset" 643
"../../../Engine/Content/EngineMaterials/RemoveSurfaceMaterial.uasset" 644
"../../../Engine/Content/EngineMaterials/WeightMapPlaceholderTexture.uasset" 645
"../../../Engine/Content/EngineResources/WhiteSquareTexture.uasset" 646
"../../../Engine/Content/EngineMaterials/Widget3DPassThrough.uasset" 647
"../../../Engine/Content/EngineMaterials/Widget3DPassThrough_Masked.uasset" 648
"../../../Engine/Content/EngineMaterials/Widget3DPassThrough_Opaque.uasset" 649
"../../../Engine/Content/EngineMaterials/Widget3DPassThrough_Masked_OneSided.uasset" 650
"../../../Engine/Content/EngineMaterials/Widget3DPassThrough_Opaque_OneSided.uasset" 651
"../../../Engine/Content/EngineMaterials/Widget3DPassThrough_Translucent.uasset" 652
"../../../Engine/Content/EngineMaterials/Widget3DPassThrough_Translucent_OneSided.uasset" 653
"../../../Engine/Content/EngineMeshes/Cylinder.uasset" 654
"../../../Engine/Content/EngineMeshes/Sphere.uasset" 655
"../../../Engine/Content/EngineResources/DefaultTexture.uasset" 656
"../../../Engine/Content/EngineResources/DefaultVolumeTexture2D.uasset" 657
"../../../Engine/Content/EngineResources/DefaultVolumeTexture.uasset" 658
"../../../Engine/Content/EngineResources/GradientTexture0.uasset" 659
"../../../Engine/Content/EngineResources/GrayDarkTextureCube.uasset" 660
"../../../Engine/Content/EngineSounds/Master.uasset" 661
"../../../Engine/Content/Functions/Engine_MaterialFunctions01/Shading/ConvertFromDiffSpec.uasset" 662
"../../../Engine/Content/Functions/Engine_MaterialFunctions01/Shading/PowerToRoughness.uasset" 663
"../../../Engine/Content/Maps/Templates/Thumbnails/TimeOfDay.uasset" 664
"../../../Engine/Content/MobileResources/T_MobileControls_texture.uasset" 665
"../../../Engine/Content/MobileResources/T_MobileMenu2.uasset" 666
"../../../Engine/Content/MobileResources/HUD/AnalogHat.uasset" 667
"../../../Engine/Content/MobileResources/HUD/VirtualJoystick_Background.uasset" 668
"../../../Engine/Content/MobileResources/HUD/VirtualJoystick_Thumb.uasset" 669
"../../../Engine/Content/MobileResources/HUD/DefaultVirtualJoysticks.uasset" 670
"../../../Engine/Content/MobileResources/HUD/LeftVirtualJoystickOnly.uasset" 671
"../../../Engine/Content/MobileResources/HUD/MobileHUDButton1_off.uasset" 672
"../../../Engine/Content/MobileResources/HUD/MobileHUDButton1_on.uasset" 673
"../../../Engine/Content/MobileResources/HUD/MobileHUDButton2_off.uasset" 674
"../../../Engine/Content/MobileResources/HUD/MobileHUDButton2_on.uasset" 675
"../../../Engine/Content/MobileResources/HUD/MobileHUDButton3.uasset" 676
"../../../Engine/Content/MobileResources/HUD/MobileHUDButtonFire.uasset" 677
"../../../Engine/Content/MobileResources/HUD/MobileHUDDirectionPad.uasset" 678
"../../../Engine/Content/MobileResources/HUD/MobileHUDDirectionPad2.uasset" 679
"../../../Engine/Content/MobileResources/HUD/MobileHUDDirectionPad3.uasset" 680
"../../../Engine/Content/MobileResources/HUD/MobileHUDDirectionStick.uasset" 681
"../../../Engine/Content/MobileResources/HUD/T_Castle_ThumbstickInner.uasset" 682
"../../../Engine/Content/MobileResources/HUD/T_Castle_ThumbstickOutter.uasset" 683
"../../../Engine/Content/Tutorial/ContentIntroCurve.uasset" 684
"../../../Engine/Content/Tutorial/Basics/LevelEditorAttract.uasset" 685
"../../../Engine/Content/Tutorial/SubEditors/GettingSubstance.uasset" 686
"../../../Engine/Content/VREditor/TransformGizmo/BoundingBoxCorner.uasset" 687
"../../../Engine/Content/VREditor/TransformGizmo/BoundingBoxEdge.uasset" 688
"../../../Engine/Content/VREditor/TransformGizmo/PlaneTranslationHandle.uasset" 689
"../../../Engine/Content/VREditor/TransformGizmo/Main.uasset" 690
"../../../Engine/Content/VREditor/TransformGizmo/Xray.uasset" 691
"../../../Engine/Content/VREditor/TransformGizmo/SM_Sequencer_Key.uasset" 692
"../../../Engine/Content/VREditor/TransformGizmo/SM_Sequencer_Node.uasset" 693
"../../Plugins/2D/Paper2D/Content/PlaceholderTextures/DummySpriteTexture.uasset" 694
"../../Plugins/2D/Paper2D/Content/DummySprite.uasset" 695
"../../Plugins/2D/Paper2D/Content/DefaultPaperTerrainMaterial.uasset" 696
"../../Plugins/2D/Paper2D/Content/DefaultSpriteMaterial.uasset" 697
"../../Plugins/2D/Paper2D/Content/MaskedUnlitSpriteMaterial.uasset" 698
"../../Plugins/2D/Paper2D/Content/OpaqueUnlitSpriteMaterial.uasset" 699
"../../../Engine/Content/Functions/Engine_MaterialFunctions02/Texturing/CustomRotator.uasset" 700
"../../Plugins/Enterprise/DatasmithContent/Content/Materials/C4DMasterUV.uasset" 701
"../../Plugins/Enterprise/DatasmithContent/Content/Materials/TileMirrorAxis.uasset" 702
"../../Plugins/Enterprise/DatasmithContent/Content/Materials/UVEdit.uasset" 703
"../../../Engine/Content/ArtTools/RenderToTexture/Textures/127grey.uasset" 704
"../../../Engine/Content/EditorLandscapeResources/WhiteSquareTexture.uasset" 705
"../../../Engine/Content/EngineMaterials/T_Default_Normal.uasset" 706
"../../Plugins/Enterprise/DatasmithContent/Content/Materials/C4DMaster.uasset" 707
"../../Plugins/Enterprise/DatasmithContent/Content/Materials/CE_BaseMaster.uasset" 708
"../../Plugins/Enterprise/DatasmithContent/Content/Materials/CE_OpacityMaster.uasset" 709
"../../Plugins/Enterprise/DatasmithContent/Content/Materials/CE_OpacitySimpleMaster.uasset" 710
"../../Plugins/Enterprise/DatasmithContent/Content/Materials/CE_OpaqueMaster.uasset" 711
"../../../Engine/Content/Functions/Engine_MaterialFunctions03/Procedurals/NormalFromHeightmap.uasset" 712
"../../Plugins/Enterprise/DatasmithContent/Content/Materials/RevitMaster.uasset" 713
"../../Plugins/Enterprise/DatasmithContent/Content/Materials/SketchUpMaster.uasset" 714
"../../Plugins/FX/Niagara/Content/Enums/ENiagaraBooleanLogicOps.uasset" 715
"../../Plugins/FX/Niagara/Content/Enums/ENiagaraCoordinateSpace.uasset" 716
"../../Plugins/FX/Niagara/Content/Enums/ENiagaraExpansionMode.uasset" 717
"../../Plugins/FX/Niagara/Content/Enums/ENiagaraOrientationAxis.uasset" 718
"../../Plugins/FX/Niagara/Content/Enums/ENiagaraRandomnessMode.uasset" 719
"../../../Engine/Content/Functions/Engine_MaterialFunctions02/Utility/BreakOutFloat4Components.uasset" 720
"../../../Engine/Content/Functions/Engine_MaterialFunctions02/Utility/MakeFloat2.uasset" 721
"../../Plugins/Runtime/Oculus/OculusVR/Content/Materials/OculusMR_ChromaKey.uasset" 722
"../../Plugins/Runtime/Oculus/OculusVR/Content/Materials/OculusMR_ChromaKey_Lit.uasset" 723
"../../Plugins/Runtime/Oculus/OculusVR/Content/Materials/OculusMR_OpaqueColoredMaterial.uasset" 724
"../../Plugins/Runtime/Oculus/OculusVR/Content/Materials/OculusMR_WhiteMaterial.uasset" 725
"I:/Unreal Projects/SGP_P07_DigitalTwin/Content/Maps/Main_BuiltData.uasset" 726
"../../../Engine/Content/Functions/Engine_MaterialFunctions01/Texturing/BitMask.uasset" 727
"I:/Unreal Projects/SGP_P07_DigitalTwin/Content/Materials/PP/PP_HighlightBlend.uasset" 728
"I:/Unreal Projects/SGP_P07_DigitalTwin/Content/Materials/PP/OutlinePP.uasset" 729
"I:/Unreal Projects/SGP_P07_DigitalTwin/Content/Materials/TilingBaseMat.uasset" 730
"I:/Unreal Projects/SGP_P07_DigitalTwin/Content/Meshes/WallSegments/Door_02.uasset" 731
"I:/Unreal Projects/SGP_P07_DigitalTwin/Content/Maps/Main.umap" 732
"I:/Unreal Projects/SGP_P07_DigitalTwin/Content/Textures/Assets/Floor/Tiles/Tiles_02/uiglegfg_4K_Albedo.uasset" 733
"I:/Unreal Projects/SGP_P07_DigitalTwin/Content/Textures/Assets/Floor/Tiles/Tiles_02/uiglegfg_4K_AO.uasset" 734
"I:/Unreal Projects/SGP_P07_DigitalTwin/Content/Textures/Assets/Floor/Tiles/Tiles_02/uiglegfg_4K_Normal.uasset" 735
"I:/Unreal Projects/SGP_P07_DigitalTwin/Content/Textures/Assets/Floor/Tiles/Tiles_02/uiglegfg_4K_Roughness.uasset" 736
"I:/Unreal Projects/SGP_P07_DigitalTwin/Content/Materials/Floor/Tiles/Tiles_02_Mat.uasset" 737
"I:/Unreal Projects/SGP_P07_DigitalTwin/Content/Materials/Floor/Tiles/Tiles_02_Mat_Inst.uasset" 738
"I:/Unreal Projects/SGP_P07_DigitalTwin/Content/Maps/NewScene.umap" 739
"I:/Unreal Projects/SGP_P07_DigitalTwin/Content/Materials/Floor/Tiles/Tiles_02_TriPlanar_mat1.uasset" 740
"I:/Unreal Projects/SGP_P07_DigitalTwin/Content/Maps/Scene.umap" 741
"I:/Unreal Projects/SGP_P07_DigitalTwin/Content/BPs/InteractableObjects/ArchitecturalObjects/SplineWall.uasset" 742
"../../../Engine/Content/Functions/Engine_MaterialFunctions02/Utility/VectorLength.uasset" 743
"../../../Engine/Content/Functions/Engine_MaterialFunctions02/WorldPositionOffset/ObjectPivotPoint.uasset" 744
"../../Plugins/Runtime/HDRIBackdrop/Content/Materials/HDRI_Attributes.uasset" 745
"../../Plugins/Runtime/HDRIBackdrop/Content/Materials/HDRI_Projection.uasset" 746
"../../Plugins/Runtime/HDRIBackdrop/Content/Materials/MI_HDRI_CameraProjection.uasset" 747
"../../Plugins/Runtime/HDRIBackdrop/Content/Materials/MI_HDRI_CenterProjection.uasset" 748
"../../Plugins/Runtime/HDRIBackdrop/Content/Meshes/EnviroDome.uasset" 749
"../../Plugins/Runtime/HDRIBackdrop/Content/Textures/approaching_storm_4k.uasset" 750
"../../Plugins/Runtime/HDRIBackdrop/Content/Blueprints/HDRIBackdrop.uasset" 751
"../../../Engine/Content/EngineResources/DefaultTextureCube.uasset" 752
"I:/Unreal Projects/SGP_P07_DigitalTwin/Content/Maps/WallTypeExamples.umap" 753
"../../../Engine/Content/Maps/Entry_BuiltData.uasset" 754
"../../../Engine/Content/Maps/Entry.umap" 755
